


ARM Macro Assembler    Page 1 


    1 00000000         ; generated by ARM C/C++ Compiler, 5.03 [Build 69]
    2 00000000         ; commandline ArmCC [--cpp --debug -c -S -o..\obj\With_B
                       oot\mstat21044_base.s --depend=..\obj\With_Boot\mstat210
                       44_base.d --cpu=Cortex-M4.fp --apcs=interwork -O0 -I..\E
                       ntry -IC:\Keil\ARM\RV31\INC -IC:\Keil\ARM\CMSIS\Include 
                       -IC:\Keil\ARM\Inc\NXP\LPC407x_8x_177x_8x -DBOOT_MODE --o
                       mf_browse=..\obj\With_Boot\mstat21044_base.crf ..\HWD\MS
                       TAT21044\MSTAT21044_Base.cpp]
    3 00000000                 THUMB
    4 00000000                 REQUIRE8
    5 00000000                 PRESERVE8
    6 00000000         
    7 00000000                 AREA             ||.text||, CODE, READONLY, ALIG
N=2
    8 00000000         
    9 00000000         _ZN15MSTAT21044_Base11EngineStuffEv
                               PROC
   10 00000000 B510            PUSH             {r4,lr}
   11 00000002 2164            MOVS             r1,#0x64
   12 00000004 48FE            LDR              r0,|L0.1024|
   13 00000006 F7FF FFFE       BL               __aeabi_memclr4
   14 0000000A 213C            MOVS             r1,#0x3c
   15 0000000C 48FD            LDR              r0,|L0.1028|
   16 0000000E F7FF FFFE       BL               __aeabi_memclr4
   17 00000012 2178            MOVS             r1,#0x78
   18 00000014 48FC            LDR              r0,|L0.1032|
   19 00000016 F7FF FFFE       BL               __aeabi_memclr4
   20 0000001A 2128            MOVS             r1,#0x28
   21 0000001C 48FB            LDR              r0,|L0.1036|
   22 0000001E F7FF FFFE       BL               __aeabi_memclr4
   23 00000022 2114            MOVS             r1,#0x14
   24 00000024 48FA            LDR              r0,|L0.1040|
   25 00000026 F7FF FFFE       BL               __aeabi_memclr4
   26 0000002A 2114            MOVS             r1,#0x14
   27 0000002C 48F9            LDR              r0,|L0.1044|
   28 0000002E F7FF FFFE       BL               __aeabi_memclr4
   29 00000032 20C8            MOVS             r0,#0xc8
   30 00000034 49F2            LDR              r1,|L0.1024|
   31 00000036 6008            STR              r0,[r1,#0]  ; _ZN15MSTAT21044_B
                                                            ase13SetCtrlOpenChE
                                                            
   32 00000038 21D0            MOVS             r1,#0xd0
   33 0000003A 48F1            LDR              r0,|L0.1024|
   34 0000003C 8181            STRH             r1,[r0,#0xc]
   35 0000003E 2064            MOVS             r0,#0x64
   36 00000040 49EF            LDR              r1,|L0.1024|
   37 00000042 6148            STR              r0,[r1,#0x14] ; _ZN15MSTAT21044
                                                            _Base13SetCtrlOpenC
                                                            hE
   38 00000044 2101            MOVS             r1,#1
   39 00000046 48EE            LDR              r0,|L0.1024|
   40 00000048 8341            STRH             r1,[r0,#0x1a]
   41 0000004A 2096            MOVS             r0,#0x96
   42 0000004C 49EC            LDR              r1,|L0.1024|
   43 0000004E 6288            STR              r0,[r1,#0x28] ; _ZN15MSTAT21044
                                                            _Base13SetCtrlOpenC
                                                            hE
   44 00000050 2102            MOVS             r1,#2
   45 00000052 48EB            LDR              r0,|L0.1024|



ARM Macro Assembler    Page 2 


   46 00000054 8581            STRH             r1,[r0,#0x2c]
   47 00000056 2032            MOVS             r0,#0x32
   48 00000058 49E9            LDR              r1,|L0.1024|
   49 0000005A 63C8            STR              r0,[r1,#0x3c] ; _ZN15MSTAT21044
                                                            _Base13SetCtrlOpenC
                                                            hE
   50 0000005C 2101            MOVS             r1,#1
   51 0000005E 48E8            LDR              r0,|L0.1024|
   52 00000060 F8A0 1044       STRH             r1,[r0,#0x44]
   53 00000064 2064            MOVS             r0,#0x64
   54 00000066 49E6            LDR              r1,|L0.1024|
   55 00000068 6508            STR              r0,[r1,#0x50] ; _ZN15MSTAT21044
                                                            _Base13SetCtrlOpenC
                                                            hE
   56 0000006A 210D            MOVS             r1,#0xd
   57 0000006C 48E4            LDR              r0,|L0.1024|
   58 0000006E F8A0 105C       STRH             r1,[r0,#0x5c]
   59 00000072 2064            MOVS             r0,#0x64
   60 00000074 49E3            LDR              r1,|L0.1028|
   61 00000076 6008            STR              r0,[r1,#0]  ; _ZN15MSTAT21044_B
                                                            ase14SetCtrlCloseCh
                                                            E
   62 00000078 21D0            MOVS             r1,#0xd0
   63 0000007A 48E2            LDR              r0,|L0.1028|
   64 0000007C 8181            STRH             r1,[r0,#0xc]
   65 0000007E 2096            MOVS             r0,#0x96
   66 00000080 49E0            LDR              r1,|L0.1028|
   67 00000082 6148            STR              r0,[r1,#0x14] ; _ZN15MSTAT21044
                                                            _Base14SetCtrlClose
                                                            ChE
   68 00000084 2102            MOVS             r1,#2
   69 00000086 48DF            LDR              r0,|L0.1028|
   70 00000088 8381            STRH             r1,[r0,#0x1c]
   71 0000008A 2032            MOVS             r0,#0x32
   72 0000008C 49DD            LDR              r1,|L0.1028|
   73 0000008E 6288            STR              r0,[r1,#0x28] ; _ZN15MSTAT21044
                                                            _Base14SetCtrlClose
                                                            ChE
   74 00000090 F44F 7180       MOV              r1,#0x100
   75 00000094 48DB            LDR              r0,|L0.1028|
   76 00000096 8601            STRH             r1,[r0,#0x30]
   77 00000098 2064            MOVS             r0,#0x64
   78 0000009A 49DB            LDR              r1,|L0.1032|
   79 0000009C 6008            STR              r0,[r1,#0]  ; _ZN15MSTAT21044_B
                                                            ase9SetCCToCCE
   80 0000009E 2110            MOVS             r1,#0x10
   81 000000A0 48D9            LDR              r0,|L0.1032|
   82 000000A2 8181            STRH             r1,[r0,#0xc]
   83 000000A4 2001            MOVS             r0,#1
   84 000000A6 49D8            LDR              r1,|L0.1032|
   85 000000A8 7388            STRB             r0,[r1,#0xe]
   86 000000AA 2064            MOVS             r0,#0x64
   87 000000AC 6148            STR              r0,[r1,#0x14] ; _ZN15MSTAT21044
                                                            _Base9SetCCToCCE
   88 000000AE 2102            MOVS             r1,#2
   89 000000B0 48D5            LDR              r0,|L0.1032|
   90 000000B2 8381            STRH             r1,[r0,#0x1c]
   91 000000B4 2101            MOVS             r1,#1
   92 000000B6 F880 1022       STRB             r1,[r0,#0x22]



ARM Macro Assembler    Page 3 


   93 000000BA 2032            MOVS             r0,#0x32
   94 000000BC 49D2            LDR              r1,|L0.1032|
   95 000000BE 6288            STR              r0,[r1,#0x28] ; _ZN15MSTAT21044
                                                            _Base9SetCCToCCE
   96 000000C0 2101            MOVS             r1,#1
   97 000000C2 48D1            LDR              r0,|L0.1032|
   98 000000C4 85C1            STRH             r1,[r0,#0x2e]
   99 000000C6 F880 1036       STRB             r1,[r0,#0x36]
  100 000000CA 2096            MOVS             r0,#0x96
  101 000000CC 49CE            LDR              r1,|L0.1032|
  102 000000CE 63C8            STR              r0,[r1,#0x3c] ; _ZN15MSTAT21044
                                                            _Base9SetCCToCCE
  103 000000D0 2102            MOVS             r1,#2
  104 000000D2 48CD            LDR              r0,|L0.1032|
  105 000000D4 F8A0 1040       STRH             r1,[r0,#0x40]
  106 000000D8 2101            MOVS             r1,#1
  107 000000DA F880 104A       STRB             r1,[r0,#0x4a]
  108 000000DE 2032            MOVS             r0,#0x32
  109 000000E0 49C9            LDR              r1,|L0.1032|
  110 000000E2 6508            STR              r0,[r1,#0x50] ; _ZN15MSTAT21044
                                                            _Base9SetCCToCCE
  111 000000E4 2101            MOVS             r1,#1
  112 000000E6 48C8            LDR              r0,|L0.1032|
  113 000000E8 F8A0 1058       STRH             r1,[r0,#0x58]
  114 000000EC F880 105E       STRB             r1,[r0,#0x5e]
  115 000000F0 2032            MOVS             r0,#0x32
  116 000000F2 49C5            LDR              r1,|L0.1032|
  117 000000F4 6648            STR              r0,[r1,#0x64] ; _ZN15MSTAT21044
                                                            _Base9SetCCToCCE
  118 000000F6 210D            MOVS             r1,#0xd
  119 000000F8 48C3            LDR              r0,|L0.1032|
  120 000000FA F8A0 1070       STRH             r1,[r0,#0x70]
  121 000000FE 2064            MOVS             r0,#0x64
  122 00000100 49C2            LDR              r1,|L0.1036|
  123 00000102 6008            STR              r0,[r1,#0]  ; _ZN15MSTAT21044_B
                                                            ase11SetRstToOffE
  124 00000104 21C0            MOVS             r1,#0xc0
  125 00000106 48C1            LDR              r0,|L0.1036|
  126 00000108 8181            STRH             r1,[r0,#0xc]
  127 0000010A 8401            STRH             r1,[r0,#0x20]
  128 0000010C F44F 7180       MOV              r1,#0x100
  129 00000110 8381            STRH             r1,[r0,#0x1c]
  130 00000112 2064            MOVS             r0,#0x64
  131 00000114 49C0            LDR              r1,|L0.1048|
  132 00000116 6008            STR              r0,[r1,#0]  ; _ZN15MSTAT21044_B
                                                            ase11SetRstToVltE
  133 00000118 2002            MOVS             r0,#2
  134 0000011A 8088            STRH             r0,[r1,#4]
  135 0000011C 2096            MOVS             r0,#0x96
  136 0000011E 6148            STR              r0,[r1,#0x14] ; _ZN15MSTAT21044
                                                            _Base11SetRstToVltE
                                                            
  137 00000120 2101            MOVS             r1,#1
  138 00000122 48BD            LDR              r0,|L0.1048|
  139 00000124 8341            STRH             r1,[r0,#0x1a]
  140 00000126 2032            MOVS             r0,#0x32
  141 00000128 49BB            LDR              r1,|L0.1048|
  142 0000012A 6288            STR              r0,[r1,#0x28] ; _ZN15MSTAT21044
                                                            _Base11SetRstToVltE



ARM Macro Assembler    Page 4 


                                                            
  143 0000012C 2101            MOVS             r1,#1
  144 0000012E 48BA            LDR              r0,|L0.1048|
  145 00000130 8601            STRH             r1,[r0,#0x30]
  146 00000132 2014            MOVS             r0,#0x14
  147 00000134 49B8            LDR              r1,|L0.1048|
  148 00000136 63C8            STR              r0,[r1,#0x3c] ; _ZN15MSTAT21044
                                                            _Base11SetRstToVltE
                                                            
  149 00000138 2102            MOVS             r1,#2
  150 0000013A 48B7            LDR              r0,|L0.1048|
  151 0000013C F8A0 1048       STRH             r1,[r0,#0x48]
  152 00000140 2064            MOVS             r0,#0x64
  153 00000142 49B5            LDR              r1,|L0.1048|
  154 00000144 6508            STR              r0,[r1,#0x50] ; _ZN15MSTAT21044
                                                            _Base11SetRstToVltE
                                                            
  155 00000146 F44F 6180       MOV              r1,#0x400
  156 0000014A 48B3            LDR              r0,|L0.1048|
  157 0000014C F8A0 1056       STRH             r1,[r0,#0x56]
  158 00000150 2064            MOVS             r0,#0x64
  159 00000152 49B2            LDR              r1,|L0.1052|
  160 00000154 6008            STR              r0,[r1,#0]  ; _ZN15MSTAT21044_B
                                                            ase11SetOffToVltE
  161 00000156 2002            MOVS             r0,#2
  162 00000158 8088            STRH             r0,[r1,#4]
  163 0000015A 2096            MOVS             r0,#0x96
  164 0000015C 6148            STR              r0,[r1,#0x14] ; _ZN15MSTAT21044
                                                            _Base11SetOffToVltE
                                                            
  165 0000015E 2101            MOVS             r1,#1
  166 00000160 48AE            LDR              r0,|L0.1052|
  167 00000162 8341            STRH             r1,[r0,#0x1a]
  168 00000164 2032            MOVS             r0,#0x32
  169 00000166 49AD            LDR              r1,|L0.1052|
  170 00000168 6288            STR              r0,[r1,#0x28] ; _ZN15MSTAT21044
                                                            _Base11SetOffToVltE
                                                            
  171 0000016A 2101            MOVS             r1,#1
  172 0000016C 48AB            LDR              r0,|L0.1052|
  173 0000016E 8601            STRH             r1,[r0,#0x30]
  174 00000170 2014            MOVS             r0,#0x14
  175 00000172 49AA            LDR              r1,|L0.1052|
  176 00000174 63C8            STR              r0,[r1,#0x3c] ; _ZN15MSTAT21044
                                                            _Base11SetOffToVltE
                                                            
  177 00000176 2102            MOVS             r1,#2
  178 00000178 48A8            LDR              r0,|L0.1052|
  179 0000017A F8A0 1048       STRH             r1,[r0,#0x48]
  180 0000017E 2064            MOVS             r0,#0x64
  181 00000180 49A6            LDR              r1,|L0.1052|
  182 00000182 6508            STR              r0,[r1,#0x50] ; _ZN15MSTAT21044
                                                            _Base11SetOffToVltE
                                                            
  183 00000184 F44F 6180       MOV              r1,#0x400
  184 00000188 48A4            LDR              r0,|L0.1052|
  185 0000018A F8A0 1056       STRH             r1,[r0,#0x56]
  186 0000018E 2064            MOVS             r0,#0x64
  187 00000190 49A3            LDR              r1,|L0.1056|



ARM Macro Assembler    Page 5 


  188 00000192 6008            STR              r0,[r1,#0]  ; _ZN15MSTAT21044_B
                                                            ase11SetCurToVltE
  189 00000194 2110            MOVS             r1,#0x10
  190 00000196 48A2            LDR              r0,|L0.1056|
  191 00000198 8181            STRH             r1,[r0,#0xc]
  192 0000019A 2001            MOVS             r0,#1
  193 0000019C 49A0            LDR              r1,|L0.1056|
  194 0000019E 7388            STRB             r0,[r1,#0xe]
  195 000001A0 2064            MOVS             r0,#0x64
  196 000001A2 6148            STR              r0,[r1,#0x14] ; _ZN15MSTAT21044
                                                            _Base11SetCurToVltE
                                                            
  197 000001A4 2102            MOVS             r1,#2
  198 000001A6 489E            LDR              r0,|L0.1056|
  199 000001A8 8301            STRH             r1,[r0,#0x18]
  200 000001AA 2101            MOVS             r1,#1
  201 000001AC F880 1022       STRB             r1,[r0,#0x22]
  202 000001B0 2032            MOVS             r0,#0x32
  203 000001B2 499B            LDR              r1,|L0.1056|
  204 000001B4 6288            STR              r0,[r1,#0x28] ; _ZN15MSTAT21044
                                                            _Base11SetCurToVltE
                                                            
  205 000001B6 2101            MOVS             r1,#1
  206 000001B8 4899            LDR              r0,|L0.1056|
  207 000001BA 85C1            STRH             r1,[r0,#0x2e]
  208 000001BC F880 1036       STRB             r1,[r0,#0x36]
  209 000001C0 2032            MOVS             r0,#0x32
  210 000001C2 4997            LDR              r1,|L0.1056|
  211 000001C4 63C8            STR              r0,[r1,#0x3c] ; _ZN15MSTAT21044
                                                            _Base11SetCurToVltE
                                                            
  212 000001C6 2101            MOVS             r1,#1
  213 000001C8 4895            LDR              r0,|L0.1056|
  214 000001CA F8A0 1044       STRH             r1,[r0,#0x44]
  215 000001CE F880 104A       STRB             r1,[r0,#0x4a]
  216 000001D2 2014            MOVS             r0,#0x14
  217 000001D4 4992            LDR              r1,|L0.1056|
  218 000001D6 6508            STR              r0,[r1,#0x50] ; _ZN15MSTAT21044
                                                            _Base11SetCurToVltE
                                                            
  219 000001D8 2102            MOVS             r1,#2
  220 000001DA 4891            LDR              r0,|L0.1056|
  221 000001DC F8A0 105C       STRH             r1,[r0,#0x5c]
  222 000001E0 2032            MOVS             r0,#0x32
  223 000001E2 498F            LDR              r1,|L0.1056|
  224 000001E4 6648            STR              r0,[r1,#0x64] ; _ZN15MSTAT21044
                                                            _Base11SetCurToVltE
                                                            
  225 000001E6 F44F 6180       MOV              r1,#0x400
  226 000001EA 488D            LDR              r0,|L0.1056|
  227 000001EC F8A0 106A       STRH             r1,[r0,#0x6a]
  228 000001F0 2064            MOVS             r0,#0x64
  229 000001F2 498B            LDR              r1,|L0.1056|
  230 000001F4 6788            STR              r0,[r1,#0x78] ; _ZN15MSTAT21044
                                                            _Base11SetCurToVltE
                                                            
  231 000001F6 2110            MOVS             r1,#0x10
  232 000001F8 4889            LDR              r0,|L0.1056|
  233 000001FA F8A0 1084       STRH             r1,[r0,#0x84]



ARM Macro Assembler    Page 6 


  234 000001FE 2064            MOVS             r0,#0x64
  235 00000200 4988            LDR              r1,|L0.1060|
  236 00000202 6008            STR              r0,[r1,#0]  ; _ZN15MSTAT21044_B
                                                            ase11SetVltToVltE
  237 00000204 F44F 6180       MOV              r1,#0x400
  238 00000208 4886            LDR              r0,|L0.1060|
  239 0000020A 8101            STRH             r1,[r0,#8]
  240 0000020C 2001            MOVS             r0,#1
  241 0000020E 4985            LDR              r1,|L0.1060|
  242 00000210 7388            STRB             r0,[r1,#0xe]
  243 00000212 2064            MOVS             r0,#0x64
  244 00000214 6148            STR              r0,[r1,#0x14] ; _ZN15MSTAT21044
                                                            _Base11SetVltToVltE
                                                            
  245 00000216 2102            MOVS             r1,#2
  246 00000218 4882            LDR              r0,|L0.1060|
  247 0000021A 8301            STRH             r1,[r0,#0x18]
  248 0000021C 2101            MOVS             r1,#1
  249 0000021E F880 1022       STRB             r1,[r0,#0x22]
  250 00000222 2032            MOVS             r0,#0x32
  251 00000224 497F            LDR              r1,|L0.1060|
  252 00000226 6288            STR              r0,[r1,#0x28] ; _ZN15MSTAT21044
                                                            _Base11SetVltToVltE
                                                            
  253 00000228 2101            MOVS             r1,#1
  254 0000022A 487E            LDR              r0,|L0.1060|
  255 0000022C 85C1            STRH             r1,[r0,#0x2e]
  256 0000022E F880 1036       STRB             r1,[r0,#0x36]
  257 00000232 2032            MOVS             r0,#0x32
  258 00000234 497B            LDR              r1,|L0.1060|
  259 00000236 63C8            STR              r0,[r1,#0x3c] ; _ZN15MSTAT21044
                                                            _Base11SetVltToVltE
                                                            
  260 00000238 2101            MOVS             r1,#1
  261 0000023A 487A            LDR              r0,|L0.1060|
  262 0000023C F8A0 1044       STRH             r1,[r0,#0x44]
  263 00000240 F880 104A       STRB             r1,[r0,#0x4a]
  264 00000244 2032            MOVS             r0,#0x32
  265 00000246 4977            LDR              r1,|L0.1060|
  266 00000248 6508            STR              r0,[r1,#0x50] ; _ZN15MSTAT21044
                                                            _Base11SetVltToVltE
                                                            
  267 0000024A 2102            MOVS             r1,#2
  268 0000024C 4875            LDR              r0,|L0.1060|
  269 0000024E F8A0 105C       STRH             r1,[r0,#0x5c]
  270 00000252 2064            MOVS             r0,#0x64
  271 00000254 4973            LDR              r1,|L0.1060|
  272 00000256 6648            STR              r0,[r1,#0x64] ; _ZN15MSTAT21044
                                                            _Base11SetVltToVltE
                                                            
  273 00000258 F44F 6180       MOV              r1,#0x400
  274 0000025C 4871            LDR              r0,|L0.1060|
  275 0000025E F8A0 106A       STRH             r1,[r0,#0x6a]
  276 00000262 2101            MOVS             r1,#1
  277 00000264 F880 1072       STRB             r1,[r0,#0x72]
  278 00000268 200A            MOVS             r0,#0xa
  279 0000026A 496F            LDR              r1,|L0.1064|
  280 0000026C 6008            STR              r0,[r1,#0]  ; _ZN15MSTAT21044_B
                                                            ase11SetVltToCurE



ARM Macro Assembler    Page 7 


  281 0000026E 2101            MOVS             r1,#1
  282 00000270 486D            LDR              r0,|L0.1064|
  283 00000272 8181            STRH             r1,[r0,#0xc]
  284 00000274 2064            MOVS             r0,#0x64
  285 00000276 496C            LDR              r1,|L0.1064|
  286 00000278 6148            STR              r0,[r1,#0x14] ; _ZN15MSTAT21044
                                                            _Base11SetVltToCurE
                                                            
  287 0000027A 2110            MOVS             r1,#0x10
  288 0000027C 486A            LDR              r0,|L0.1064|
  289 0000027E 8401            STRH             r1,[r0,#0x20]
  290 00000280 2101            MOVS             r1,#1
  291 00000282 F880 1022       STRB             r1,[r0,#0x22]
  292 00000286 2064            MOVS             r0,#0x64
  293 00000288 4967            LDR              r1,|L0.1064|
  294 0000028A 6288            STR              r0,[r1,#0x28] ; _ZN15MSTAT21044
                                                            _Base11SetVltToCurE
                                                            
  295 0000028C F44F 6180       MOV              r1,#0x400
  296 00000290 4865            LDR              r0,|L0.1064|
  297 00000292 8601            STRH             r1,[r0,#0x30]
  298 00000294 2064            MOVS             r0,#0x64
  299 00000296 4964            LDR              r1,|L0.1064|
  300 00000298 63C8            STR              r0,[r1,#0x3c] ; _ZN15MSTAT21044
                                                            _Base11SetVltToCurE
                                                            
  301 0000029A 2120            MOVS             r1,#0x20
  302 0000029C 4862            LDR              r0,|L0.1064|
  303 0000029E F8A0 1048       STRH             r1,[r0,#0x48]
  304 000002A2 2064            MOVS             r0,#0x64
  305 000002A4 4960            LDR              r1,|L0.1064|
  306 000002A6 6508            STR              r0,[r1,#0x50] ; _ZN15MSTAT21044
                                                            _Base11SetVltToCurE
                                                            
  307 000002A8 2102            MOVS             r1,#2
  308 000002AA 485F            LDR              r0,|L0.1064|
  309 000002AC F8A0 1054       STRH             r1,[r0,#0x54]
  310 000002B0 2101            MOVS             r1,#1
  311 000002B2 F880 105E       STRB             r1,[r0,#0x5e]
  312 000002B6 2032            MOVS             r0,#0x32
  313 000002B8 495B            LDR              r1,|L0.1064|
  314 000002BA 6648            STR              r0,[r1,#0x64] ; _ZN15MSTAT21044
                                                            _Base11SetVltToCurE
                                                            
  315 000002BC 2101            MOVS             r1,#1
  316 000002BE 485A            LDR              r0,|L0.1064|
  317 000002C0 F8A0 106A       STRH             r1,[r0,#0x6a]
  318 000002C4 F880 1072       STRB             r1,[r0,#0x72]
  319 000002C8 2032            MOVS             r0,#0x32
  320 000002CA 4957            LDR              r1,|L0.1064|
  321 000002CC 6788            STR              r0,[r1,#0x78] ; _ZN15MSTAT21044
                                                            _Base11SetVltToCurE
                                                            
  322 000002CE 2101            MOVS             r1,#1
  323 000002D0 4855            LDR              r0,|L0.1064|
  324 000002D2 F8A0 1080       STRH             r1,[r0,#0x80]
  325 000002D6 F880 1086       STRB             r1,[r0,#0x86]
  326 000002DA 2032            MOVS             r0,#0x32
  327 000002DC 4952            LDR              r1,|L0.1064|



ARM Macro Assembler    Page 8 


  328 000002DE F8C1 008C       STR              r0,[r1,#0x8c] ; _ZN15MSTAT21044
                                                            _Base11SetVltToCurE
                                                            
  329 000002E2 2101            MOVS             r1,#1
  330 000002E4 4850            LDR              r0,|L0.1064|
  331 000002E6 F8A0 1098       STRH             r1,[r0,#0x98]
  332 000002EA F880 109A       STRB             r1,[r0,#0x9a]
  333 000002EE 2064            MOVS             r0,#0x64
  334 000002F0 494E            LDR              r1,|L0.1068|
  335 000002F2 6008            STR              r0,[r1,#0]  ; _ZN15MSTAT21044_B
                                                            ase11SetVltToOffE
  336 000002F4 F44F 6180       MOV              r1,#0x400
  337 000002F8 484C            LDR              r0,|L0.1068|
  338 000002FA 8101            STRH             r1,[r0,#8]
  339 000002FC 2096            MOVS             r0,#0x96
  340 000002FE 494B            LDR              r1,|L0.1068|
  341 00000300 6148            STR              r0,[r1,#0x14] ; _ZN15MSTAT21044
                                                            _Base11SetVltToOffE
                                                            
  342 00000302 2120            MOVS             r1,#0x20
  343 00000304 4849            LDR              r0,|L0.1068|
  344 00000306 8401            STRH             r1,[r0,#0x20]
  345 00000308 2096            MOVS             r0,#0x96
  346 0000030A 4948            LDR              r1,|L0.1068|
  347 0000030C 6288            STR              r0,[r1,#0x28] ; _ZN15MSTAT21044
                                                            _Base11SetVltToOffE
                                                            
  348 0000030E 2102            MOVS             r1,#2
  349 00000310 4846            LDR              r0,|L0.1068|
  350 00000312 8601            STRH             r1,[r0,#0x30]
  351 00000314 2064            MOVS             r0,#0x64
  352 00000316 4946            LDR              r1,|L0.1072|
  353 00000318 6008            STR              r0,[r1,#0]  ; _ZN15MSTAT21044_B
                                                            ase11SetVltToRstE
  354 0000031A F44F 6180       MOV              r1,#0x400
  355 0000031E 4844            LDR              r0,|L0.1072|
  356 00000320 8101            STRH             r1,[r0,#8]
  357 00000322 2096            MOVS             r0,#0x96
  358 00000324 4942            LDR              r1,|L0.1072|
  359 00000326 6148            STR              r0,[r1,#0x14] ; _ZN15MSTAT21044
                                                            _Base11SetVltToRstE
                                                            
  360 00000328 2120            MOVS             r1,#0x20
  361 0000032A 4841            LDR              r0,|L0.1072|
  362 0000032C 8401            STRH             r1,[r0,#0x20]
  363 0000032E 2096            MOVS             r0,#0x96
  364 00000330 493F            LDR              r1,|L0.1072|
  365 00000332 6288            STR              r0,[r1,#0x28] ; _ZN15MSTAT21044
                                                            _Base11SetVltToRstE
                                                            
  366 00000334 2102            MOVS             r1,#2
  367 00000336 483E            LDR              r0,|L0.1072|
  368 00000338 8601            STRH             r1,[r0,#0x30]
  369 0000033A 2064            MOVS             r0,#0x64
  370 0000033C 4934            LDR              r1,|L0.1040|
  371 0000033E 6008            STR              r0,[r1,#0]  ; _ZN15MSTAT21044_B
                                                            ase15SetCtrlOpenAci
                                                            mE
  372 00000340 F44F 7180       MOV              r1,#0x100



ARM Macro Assembler    Page 9 


  373 00000344 4832            LDR              r0,|L0.1040|
  374 00000346 80C1            STRH             r1,[r0,#6]
  375 00000348 2064            MOVS             r0,#0x64
  376 0000034A 4932            LDR              r1,|L0.1044|
  377 0000034C 6008            STR              r0,[r1,#0]  ; _ZN15MSTAT21044_B
                                                            ase16SetCtrlCloseAc
                                                            imE
  378 0000034E F44F 7180       MOV              r1,#0x100
  379 00000352 4830            LDR              r0,|L0.1044|
  380 00000354 8101            STRH             r1,[r0,#8]
  381 00000356 BD10            POP              {r4,pc}
  382 00000358                 ENDP
  383 00000358         
  384 00000358         _ZN15MSTAT21044_Base16AdditionalEngineEv
                               PROC
  385 00000358 482F            LDR              r0,|L0.1048|
  386 0000035A 4936            LDR              r1,|L0.1076|
  387 0000035C 6008            STR              r0,[r1,#0]  ; _ZN15OS_LogicProc
                                                            ess15SetCtrlRstToVl
                                                            tE
  388 0000035E 2005            MOVS             r0,#5
  389 00000360 8088            STRH             r0,[r1,#4]
  390 00000362 482E            LDR              r0,|L0.1052|
  391 00000364 4934            LDR              r1,|L0.1080|
  392 00000366 6008            STR              r0,[r1,#0]  ; _ZN15OS_LogicProc
                                                            ess15SetCtrlOffToVl
                                                            tE
  393 00000368 2005            MOVS             r0,#5
  394 0000036A 8088            STRH             r0,[r1,#4]
  395 0000036C 482C            LDR              r0,|L0.1056|
  396 0000036E 4933            LDR              r1,|L0.1084|
  397 00000370 6008            STR              r0,[r1,#0]  ; _ZN15OS_LogicProc
                                                            ess15SetCtrlCurToVl
                                                            tE
  398 00000372 2007            MOVS             r0,#7
  399 00000374 8088            STRH             r0,[r1,#4]
  400 00000376 482B            LDR              r0,|L0.1060|
  401 00000378 4931            LDR              r1,|L0.1088|
  402 0000037A 6008            STR              r0,[r1,#0]  ; _ZN15OS_LogicProc
                                                            ess15SetCtrlVltToVl
                                                            tE
  403 0000037C 2006            MOVS             r0,#6
  404 0000037E 8088            STRH             r0,[r1,#4]
  405 00000380 4829            LDR              r0,|L0.1064|
  406 00000382 4930            LDR              r1,|L0.1092|
  407 00000384 6008            STR              r0,[r1,#0]  ; _ZN15OS_LogicProc
                                                            ess15SetCtrlVltToCu
                                                            rE
  408 00000386 2008            MOVS             r0,#8
  409 00000388 8088            STRH             r0,[r1,#4]
  410 0000038A 4828            LDR              r0,|L0.1068|
  411 0000038C 492E            LDR              r1,|L0.1096|
  412 0000038E 6008            STR              r0,[r1,#0]  ; _ZN15OS_LogicProc
                                                            ess15SetCtrlVltToOf
                                                            fE
  413 00000390 2003            MOVS             r0,#3
  414 00000392 8088            STRH             r0,[r1,#4]
  415 00000394 4826            LDR              r0,|L0.1072|
  416 00000396 492D            LDR              r1,|L0.1100|



ARM Macro Assembler    Page 10 


  417 00000398 6008            STR              r0,[r1,#0]  ; _ZN15OS_LogicProc
                                                            ess15SetCtrlVltToRs
                                                            tE
  418 0000039A 2003            MOVS             r0,#3
  419 0000039C 8088            STRH             r0,[r1,#4]
  420 0000039E 481C            LDR              r0,|L0.1040|
  421 000003A0 492B            LDR              r1,|L0.1104|
  422 000003A2 6008            STR              r0,[r1,#0]  ; _ZN15OS_LogicProc
                                                            ess13SetCtrlAcimOnE
                                                            
  423 000003A4 2001            MOVS             r0,#1
  424 000003A6 8088            STRH             r0,[r1,#4]
  425 000003A8 481A            LDR              r0,|L0.1044|
  426 000003AA 492A            LDR              r1,|L0.1108|
  427 000003AC 6008            STR              r0,[r1,#0]  ; _ZN15OS_LogicProc
                                                            ess14SetCtrlAcimOff
                                                            E
  428 000003AE 2001            MOVS             r0,#1
  429 000003B0 8088            STRH             r0,[r1,#4]
  430 000003B2 4770            BX               lr
  431 000003B4                 ENDP
  432 000003B4         
  433 000003B4         _ZN15MSTAT21044_Base18FeatureEnable_InitEv
                               PROC
  434 000003B4 B500            PUSH             {lr}
  435 000003B6 B08B            SUB              sp,sp,#0x2c
  436 000003B8 F44F 70C8       MOV              r0,#0x190
  437 000003BC 4926            LDR              r1,|L0.1112|
  438 000003BE 8088            STRH             r0,[r1,#4]
  439 000003C0 2004            MOVS             r0,#4
  440 000003C2 4926            LDR              r1,|L0.1116|
  441 000003C4 7488            STRB             r0,[r1,#0x12]
  442 000003C6 2132            MOVS             r1,#0x32
  443 000003C8 2000            MOVS             r0,#0
  444 000003CA 4A24            LDR              r2,|L0.1116|
  445 000003CC E9C2 1002       STRD             r1,r0,[r2,#8]
  446 000003D0 E9C2 1000       STRD             r1,r0,[r2,#0]
  447 000003D4 EEB7 0A00       VMOV.F32         s0,#1.00000000
  448 000003D8 4610            MOV              r0,r2
  449 000003DA ED80 0A07       VSTR             s0,[r0,#0x1c]
  450 000003DE 2001            MOVS             r0,#1
  451 000003E0 4611            MOV              r1,r2
  452 000003E2 7508            STRB             r0,[r1,#0x14]
  453 000003E4 7408            STRB             r0,[r1,#0x10]
  454 000003E6 ED9F 0A1E       VLDR             s0,|L0.1120|
  455 000003EA 481E            LDR              r0,|L0.1124|
  456 000003EC ED80 0A00       VSTR             s0,[r0,#0]
  457 000003F0 ED9F 0A1D       VLDR             s0,|L0.1128|
  458 000003F4 ED80 0A01       VSTR             s0,[r0,#4]
  459 000003F8 ED9F 0A1C       VLDR             s0,|L0.1132|
  460 000003FC E038            B                |L0.1136|
  461 000003FE 00 00           DCW              0x0000
  462 00000400         |L0.1024|
  463 00000400 00000000        DCD              _ZN15MSTAT21044_Base13SetCtrlOp
enChE
  464 00000404         |L0.1028|
  465 00000404 00000000        DCD              _ZN15MSTAT21044_Base14SetCtrlCl
oseChE
  466 00000408         |L0.1032|



ARM Macro Assembler    Page 11 


  467 00000408 00000000        DCD              _ZN15MSTAT21044_Base9SetCCToCCE
  468 0000040C         |L0.1036|
  469 0000040C 00000000        DCD              _ZN15MSTAT21044_Base11SetRstToO
ffE
  470 00000410         |L0.1040|
  471 00000410 00000000        DCD              _ZN15MSTAT21044_Base15SetCtrlOp
enAcimE
  472 00000414         |L0.1044|
  473 00000414 00000000        DCD              _ZN15MSTAT21044_Base16SetCtrlCl
oseAcimE
  474 00000418         |L0.1048|
  475 00000418 00000000        DCD              _ZN15MSTAT21044_Base11SetRstToV
ltE
  476 0000041C         |L0.1052|
  477 0000041C 00000000        DCD              _ZN15MSTAT21044_Base11SetOffToV
ltE
  478 00000420         |L0.1056|
  479 00000420 00000000        DCD              _ZN15MSTAT21044_Base11SetCurToV
ltE
  480 00000424         |L0.1060|
  481 00000424 00000000        DCD              _ZN15MSTAT21044_Base11SetVltToV
ltE
  482 00000428         |L0.1064|
  483 00000428 00000000        DCD              _ZN15MSTAT21044_Base11SetVltToC
urE
  484 0000042C         |L0.1068|
  485 0000042C 00000000        DCD              _ZN15MSTAT21044_Base11SetVltToO
ffE
  486 00000430         |L0.1072|
  487 00000430 00000000        DCD              _ZN15MSTAT21044_Base11SetVltToR
stE
  488 00000434         |L0.1076|
  489 00000434 00000000        DCD              _ZN15OS_LogicProcess15SetCtrlRs
tToVltE
  490 00000438         |L0.1080|
  491 00000438 00000000        DCD              _ZN15OS_LogicProcess15SetCtrlOf
fToVltE
  492 0000043C         |L0.1084|
  493 0000043C 00000000        DCD              _ZN15OS_LogicProcess15SetCtrlCu
rToVltE
  494 00000440         |L0.1088|
  495 00000440 00000000        DCD              _ZN15OS_LogicProcess15SetCtrlVl
tToVltE
  496 00000444         |L0.1092|
  497 00000444 00000000        DCD              _ZN15OS_LogicProcess15SetCtrlVl
tToCurE
  498 00000448         |L0.1096|
  499 00000448 00000000        DCD              _ZN15OS_LogicProcess15SetCtrlVl
tToOffE
  500 0000044C         |L0.1100|
  501 0000044C 00000000        DCD              _ZN15OS_LogicProcess15SetCtrlVl
tToRstE
  502 00000450         |L0.1104|
  503 00000450 00000000        DCD              _ZN15OS_LogicProcess13SetCtrlAc
imOnE
  504 00000454         |L0.1108|
  505 00000454 00000000        DCD              _ZN15OS_LogicProcess14SetCtrlAc
imOffE
  506 00000458         |L0.1112|



ARM Macro Assembler    Page 12 


  507 00000458 00000000        DCD              _ZN12board_config19Feature_Enab
le_initE
  508 0000045C         |L0.1116|
  509 0000045C 00000000        DCD              _ZN12board_config7DacInfoE
  510 00000460         |L0.1120|
  511 00000460 37A7C5AC        DCFS             0x37a7c5ac  ; 1.999999949475750
                                                            3e-05
  512 00000464         |L0.1124|
  513 00000464 00000000        DCD              _ZN13LBT21XXX_Base12BoardFeatur
eE
  514 00000468         |L0.1128|
  515 00000468 36C9539C        DCFS             0x36c9539c  ; 6.000000212225131
                                                            7e-06
  516 0000046C         |L0.1132|
  517 0000046C 3CF5C28F        DCFS             0x3cf5c28f  ; 0.029999999329447
                                                            746
  518 00000470         |L0.1136|
  519 00000470 ED80 0A02       VSTR             s0,[r0,#8]
  520 00000474 ED9F 0A41       VLDR             s0,|L0.1404|
  521 00000478 ED80 0A03       VSTR             s0,[r0,#0xc]
  522 0000047C 8AC0            LDRH             r0,[r0,#0x16] ; _ZN13LBT21XXX_B
                                                            ase12BoardFeatureE
  523 0000047E F020 0002       BIC              r0,r0,#2
  524 00000482 1C80            ADDS             r0,r0,#2
  525 00000484 493E            LDR              r1,|L0.1408|
  526 00000486 82C8            STRH             r0,[r1,#0x16]
  527 00000488 4608            MOV              r0,r1
  528 0000048A 8AC0            LDRH             r0,[r0,#0x16] ; _ZN13LBT21XXX_B
                                                            ase12BoardFeatureE
  529 0000048C F020 0004       BIC              r0,r0,#4
  530 00000490 1D00            ADDS             r0,r0,#4
  531 00000492 82C8            STRH             r0,[r1,#0x16]
  532 00000494 4608            MOV              r0,r1
  533 00000496 8AC0            LDRH             r0,[r0,#0x16] ; _ZN13LBT21XXX_B
                                                            ase12BoardFeatureE
  534 00000498 F020 0020       BIC              r0,r0,#0x20
  535 0000049C 3020            ADDS             r0,r0,#0x20
  536 0000049E 82C8            STRH             r0,[r1,#0x16]
  537 000004A0 4608            MOV              r0,r1
  538 000004A2 8AC0            LDRH             r0,[r0,#0x16] ; _ZN13LBT21XXX_B
                                                            ase12BoardFeatureE
  539 000004A4 F020 0080       BIC              r0,r0,#0x80
  540 000004A8 3080            ADDS             r0,r0,#0x80
  541 000004AA 82C8            STRH             r0,[r1,#0x16]
  542 000004AC 4608            MOV              r0,r1
  543 000004AE 8AC0            LDRH             r0,[r0,#0x16] ; _ZN13LBT21XXX_B
                                                            ase12BoardFeatureE
  544 000004B0 F420 7080       BIC              r0,r0,#0x100
  545 000004B4 F500 7080       ADD              r0,r0,#0x100
  546 000004B8 82C8            STRH             r0,[r1,#0x16]
  547 000004BA 4608            MOV              r0,r1
  548 000004BC 8AC0            LDRH             r0,[r0,#0x16] ; _ZN13LBT21XXX_B
                                                            ase12BoardFeatureE
  549 000004BE F420 6000       BIC              r0,r0,#0x800
  550 000004C2 F500 6000       ADD              r0,r0,#0x800
  551 000004C6 82C8            STRH             r0,[r1,#0x16]
  552 000004C8 4608            MOV              r0,r1
  553 000004CA 8AC0            LDRH             r0,[r0,#0x16] ; _ZN13LBT21XXX_B
                                                            ase12BoardFeatureE



ARM Macro Assembler    Page 13 


  554 000004CC F420 4000       BIC              r0,r0,#0x8000
  555 000004D0 F500 4000       ADD              r0,r0,#0x8000
  556 000004D4 82C8            STRH             r0,[r1,#0x16]
  557 000004D6 4608            MOV              r0,r1
  558 000004D8 8AC0            LDRH             r0,[r0,#0x16] ; _ZN13LBT21XXX_B
                                                            ase12BoardFeatureE
  559 000004DA F420 4080       BIC              r0,r0,#0x4000
  560 000004DE F500 4080       ADD              r0,r0,#0x4000
  561 000004E2 82C8            STRH             r0,[r1,#0x16]
  562 000004E4 200C            MOVS             r0,#0xc
  563 000004E6 7408            STRB             r0,[r1,#0x10]
  564 000004E8 200D            MOVS             r0,#0xd
  565 000004EA 7448            STRB             r0,[r1,#0x11]
  566 000004EC 200E            MOVS             r0,#0xe
  567 000004EE 7488            STRB             r0,[r1,#0x12]
  568 000004F0 200F            MOVS             r0,#0xf
  569 000004F2 74C8            STRB             r0,[r1,#0x13]
  570 000004F4 2032            MOVS             r0,#0x32
  571 000004F6 7508            STRB             r0,[r1,#0x14]
  572 000004F8 4608            MOV              r0,r1
  573 000004FA 8AC0            LDRH             r0,[r0,#0x16] ; _ZN13LBT21XXX_B
                                                            ase12BoardFeatureE
  574 000004FC F420 5080       BIC              r0,r0,#0x1000
  575 00000500 F500 5080       ADD              r0,r0,#0x1000
  576 00000504 82C8            STRH             r0,[r1,#0x16]
  577 00000506 4608            MOV              r0,r1
  578 00000508 8AC0            LDRH             r0,[r0,#0x16] ; _ZN13LBT21XXX_B
                                                            ase12BoardFeatureE
  579 0000050A F420 5000       BIC              r0,r0,#0x2000
  580 0000050E F500 5000       ADD              r0,r0,#0x2000
  581 00000512 82C8            STRH             r0,[r1,#0x16]
  582 00000514 A11B            ADR              r1,|L0.1412|
  583 00000516 C903            LDM              r1,{r0,r1}
  584 00000518 E9CD 0109       STRD             r0,r1,[sp,#0x24]
  585 0000051C 481B            LDR              r0,|L0.1420|
  586 0000051E 9909            LDR              r1,[sp,#0x24]
  587 00000520 6001            STR              r1,[r0,#0]  ; _ZN11FanAdj_task1
                                                            2FanCtrlValueE
  588 00000522 990A            LDR              r1,[sp,#0x28]
  589 00000524 6041            STR              r1,[r0,#4]  ; _ZN11FanAdj_task1
                                                            2FanCtrlValueE
  590 00000526 A11A            ADR              r1,|L0.1424|
  591 00000528 C903            LDM              r1,{r0,r1}
  592 0000052A E9CD 0107       STRD             r0,r1,[sp,#0x1c]
  593 0000052E 4817            LDR              r0,|L0.1420|
  594 00000530 9907            LDR              r1,[sp,#0x1c]
  595 00000532 6081            STR              r1,[r0,#8]  ; _ZN11FanAdj_task1
                                                            2FanCtrlValueE
  596 00000534 9908            LDR              r1,[sp,#0x20]
  597 00000536 60C1            STR              r1,[r0,#0xc] ; _ZN11FanAdj_task
                                                            12FanCtrlValueE
  598 00000538 9907            LDR              r1,[sp,#0x1c]
  599 0000053A 6101            STR              r1,[r0,#0x10] ; _ZN11FanAdj_tas
                                                            k12FanCtrlValueE
  600 0000053C 9908            LDR              r1,[sp,#0x20]
  601 0000053E 6141            STR              r1,[r0,#0x14] ; _ZN11FanAdj_tas
                                                            k12FanCtrlValueE
  602 00000540 A115            ADR              r1,|L0.1432|
  603 00000542 C903            LDM              r1,{r0,r1}



ARM Macro Assembler    Page 14 


  604 00000544 E9CD 0105       STRD             r0,r1,[sp,#0x14]
  605 00000548 4810            LDR              r0,|L0.1420|
  606 0000054A 9905            LDR              r1,[sp,#0x14]
  607 0000054C 6181            STR              r1,[r0,#0x18] ; _ZN11FanAdj_tas
                                                            k12FanCtrlValueE
  608 0000054E 9906            LDR              r1,[sp,#0x18]
  609 00000550 61C1            STR              r1,[r0,#0x1c] ; _ZN11FanAdj_tas
                                                            k12FanCtrlValueE
  610 00000552 2002            MOVS             r0,#2
  611 00000554 4912            LDR              r1,|L0.1440|
  612 00000556 2206            MOVS             r2,#6
  613 00000558 4B12            LDR              r3,|L0.1444|
  614 0000055A E9CD 3200       STRD             r3,r2,[sp,#0]
  615 0000055E E9CD 1002       STRD             r1,r0,[sp,#8]
  616 00000562 2303            MOVS             r3,#3
  617 00000564 4A10            LDR              r2,|L0.1448|
  618 00000566 2105            MOVS             r1,#5
  619 00000568 4810            LDR              r0,|L0.1452|
  620 0000056A F7FF FFFE       BL               _ZN15OS_LogicProcess15InitBoard
EngineEP17St_DisposableTaskhS1_hS1_hS1_h
  621 0000056E F7FF FFFE       BL               _ZN15MSTAT21044_Base16Additiona
lEngineEv
  622 00000572 F7FF FFFE       BL               _ZN15MSTAT21044_Base11EngineStu
ffEv
  623 00000576 B00B            ADD              sp,sp,#0x2c
  624 00000578 BD00            POP              {pc}
  625 0000057A                 ENDP
  626 0000057A         
  627 0000057A 00 00           DCW              0x0000
  628 0000057C         |L0.1404|
  629 0000057C 3EB78034        DCFS             0x3eb78034  ; 0.358399987220764
                                                            16
  630 00000580         |L0.1408|
  631 00000580 00000000        DCD              _ZN13LBT21XXX_Base12BoardFeatur
eE
  632 00000584         |L0.1412|
  633 00000584 3C 50 5A 
              64 64 64 
              64 64            DCB              "<PZddddd"
  634 0000058C         |L0.1420|
  635 0000058C 00000000        DCD              _ZN11FanAdj_task12FanCtrlValueE
  636 00000590         |L0.1424|
  637 00000590 1E 1E 1E 
              1E 1E 1E 
              28 32            DCB              30,30,30,30,30,30,"(2"
  638 00000598         |L0.1432|
  639 00000598 1E 1E 1E 
              1E 1E 1E 
              1E 1E            DCB              30,30,30,30,30,30,30,30
  640 000005A0         |L0.1440|
  641 000005A0 00000000        DCD              _ZN15MSTAT21044_Base11SetRstToO
ffE
  642 000005A4         |L0.1444|
  643 000005A4 00000000        DCD              _ZN15MSTAT21044_Base9SetCCToCCE
  644 000005A8         |L0.1448|
  645 000005A8 00000000        DCD              _ZN15MSTAT21044_Base14SetCtrlCl
oseChE
  646 000005AC         |L0.1452|
  647 000005AC 00000000        DCD              _ZN15MSTAT21044_Base13SetCtrlOp



ARM Macro Assembler    Page 15 


enChE
  648 000005B0         
  649 000005B0                 AREA             ||.ARM.exidx||, LINKORDER=||.te
xt||, DATA, READONLY, SECTYPE={SHT_ARM_EXIDX}, ALIGN=2
  650 00000000         
  651 00000000 00000000        DCD              0x00000000
  652 00000004                 RELOC            42, ||.text||
  653 00000004 00000001        DCD              0x00000001
  654 00000008         
  655 00000008                 AREA             ||.arm_vfe_header||, DATA, READ
ONLY, NOALLOC, ALIGN=2
  656 00000000         
  657 00000000 00000000        DCD              0x00000000
  658 00000004         
  659 00000004                 AREA             ||.data||, DATA, ALIGN=3
  660 00000000         
  661 00000000         u64Variable1
  662 00000000 00 00 00 
              00 00 00 
              00 00            %                8
  663 00000008         u64Variable2
  664 00000008 00 00 00 
              00 00 00 
              00 00            %                8
  665 00000010         SysFileTime
  666 00000010 00 00 00 
              00 00 00 
              00 00            %                8
  667 00000018         
  668 00000018                 AREA             SRAM32, DATA, NOINIT, ALIGN=2
  669 00000000         
  670 00000000         _ZN15MSTAT21044_Base13SetCtrlOpenChE
  671 00000000                 %                100
  672 00000064         _ZN15MSTAT21044_Base14SetCtrlCloseChE
  673 00000064                 %                60
  674 000000A0         _ZN15MSTAT21044_Base9SetCCToCCE
  675 000000A0                 %                120
  676 00000118         _ZN15MSTAT21044_Base11SetRstToOffE
  677 00000118                 %                40
  678 00000140         _ZN15MSTAT21044_Base11SetRstToCurE
  679 00000140                 %                100
  680 000001A4         _ZN15MSTAT21044_Base11SetRstToVltE
  681 000001A4                 %                100
  682 00000208         _ZN15MSTAT21044_Base11SetOffToVltE
  683 00000208                 %                100
  684 0000026C         _ZN15MSTAT21044_Base11SetCurToVltE
  685 0000026C                 %                140
  686 000002F8         _ZN15MSTAT21044_Base11SetVltToOffE
  687 000002F8                 %                60
  688 00000334         _ZN15MSTAT21044_Base11SetVltToRstE
  689 00000334                 %                60
  690 00000370         _ZN15MSTAT21044_Base11SetVltToVltE
  691 00000370                 %                120
  692 000003E8         _ZN15MSTAT21044_Base11SetVltToCurE
  693 000003E8                 %                160
  694 00000488         _ZN15MSTAT21044_Base15SetCtrlOpenAcimE
  695 00000488                 %                20
  696 0000049C         _ZN15MSTAT21044_Base16SetCtrlCloseAcimE
  697 0000049C                 %                20



ARM Macro Assembler    Page 16 


  698 000004B0         
  699 000004B0         ;*** Start embedded assembler ***
  700 000004B0         
  701 000004B0         #line   1                "..\\HWD\\MSTAT21044\\MSTAT2104
4_Base.cpp"
    1 000004B0                 AREA             ||.rev16_text||, CODE, READONLY
    2 00000000                 THUMB
    3 00000000                 EXPORT           |__asm___19_MSTAT21044_Base_cpp
_c6e6c411___Z7__REV16j|
    4 00000000         #line   115              "..\\HWD\\MSTAT21044\\../../Ent
ry/../../COMMON_OS/Ext_Devices/../LPC4078CORE/../LPC4078CORE/../LPC4078CORE/cor
e_cmInstr.h"
  115 00000000         |__asm___19_MSTAT21044_Base_cpp_c6e6c411___Z7__REV16j|
                               PROC
  116 00000000         #line   116
  116 00000000         
  117 00000000 BA40            rev16            r0, r0
  118 00000002 4770            bx               lr
  119 00000004                 ENDP
  120 00000004                 AREA             ||.revsh_text||, CODE, READONLY
  121 00000000                 THUMB
  122 00000000                 EXPORT           |__asm___19_MSTAT21044_Base_cpp
_c6e6c411___Z7__REVSHi|
  123 00000000         #line   130
  130 00000000         |__asm___19_MSTAT21044_Base_cpp_c6e6c411___Z7__REVSHi|
                               PROC
  131 00000000         #line   131
  131 00000000         
  132 00000000 BAC0            revsh            r0, r0
  133 00000002 4770            bx               lr
  134 00000004                 ENDP
  135 00000004         
  136 00000004         ;*** End   embedded assembler ***
  137 00000004         
  138 00000004                 EXPORT           _ZN15MSTAT21044_Base11EngineStu
ffEv [CODE]
  139 00000004                 EXPORT           _ZN15MSTAT21044_Base16Additiona
lEngineEv [CODE]
  140 00000004                 EXPORT           _ZN15MSTAT21044_Base18FeatureEn
able_InitEv [CODE]
  141 00000004                 EXPORT           _ZN15MSTAT21044_Base13SetCtrlOp
enChE [DATA,SIZE=100]
  142 00000004                 EXPORT           _ZN15MSTAT21044_Base14SetCtrlCl
oseChE [DATA,SIZE=60]
  143 00000004                 EXPORT           _ZN15MSTAT21044_Base9SetCCToCCE
 [DATA,SIZE=120]
  144 00000004                 EXPORT           _ZN15MSTAT21044_Base11SetRstToO
ffE [DATA,SIZE=40]
  145 00000004                 EXPORT           _ZN15MSTAT21044_Base11SetRstToC
urE [DATA,SIZE=100]
  146 00000004                 EXPORT           _ZN15MSTAT21044_Base11SetRstToV
ltE [DATA,SIZE=100]
  147 00000004                 EXPORT           _ZN15MSTAT21044_Base11SetOffToV
ltE [DATA,SIZE=100]
  148 00000004                 EXPORT           _ZN15MSTAT21044_Base11SetCurToV
ltE [DATA,SIZE=140]
  149 00000004                 EXPORT           _ZN15MSTAT21044_Base11SetVltToO
ffE [DATA,SIZE=60]
  150 00000004                 EXPORT           _ZN15MSTAT21044_Base11SetVltToR



ARM Macro Assembler    Page 17 


stE [DATA,SIZE=60]
  151 00000004                 EXPORT           _ZN15MSTAT21044_Base11SetVltToV
ltE [DATA,SIZE=120]
  152 00000004                 EXPORT           _ZN15MSTAT21044_Base11SetVltToC
urE [DATA,SIZE=160]
  153 00000004                 EXPORT           _ZN15MSTAT21044_Base15SetCtrlOp
enAcimE [DATA,SIZE=20]
  154 00000004                 EXPORT           _ZN15MSTAT21044_Base16SetCtrlCl
oseAcimE [DATA,SIZE=20]
  155 00000004         
  156 00000004                 IMPORT           ||Lib$$Request$$armlib|| [CODE,
WEAK]
  157 00000004                 IMPORT           ||Lib$$Request$$cpplib|| [CODE,
WEAK]
  158 00000004                 IMPORT           __aeabi_memclr4 [CODE]
  159 00000004                 IMPORT           _ZN15OS_LogicProcess15SetCtrlRs
tToVltE [DATA]
  160 00000004                 IMPORT           _ZN15OS_LogicProcess15SetCtrlOf
fToVltE [DATA]
  161 00000004                 IMPORT           _ZN15OS_LogicProcess15SetCtrlCu
rToVltE [DATA]
  162 00000004                 IMPORT           _ZN15OS_LogicProcess15SetCtrlVl
tToVltE [DATA]
  163 00000004                 IMPORT           _ZN15OS_LogicProcess15SetCtrlVl
tToCurE [DATA]
  164 00000004                 IMPORT           _ZN15OS_LogicProcess15SetCtrlVl
tToOffE [DATA]
  165 00000004                 IMPORT           _ZN15OS_LogicProcess15SetCtrlVl
tToRstE [DATA]
  166 00000004                 IMPORT           _ZN15OS_LogicProcess13SetCtrlAc
imOnE [DATA]
  167 00000004                 IMPORT           _ZN15OS_LogicProcess14SetCtrlAc
imOffE [DATA]
  168 00000004                 IMPORT           _ZN15OS_LogicProcess15InitBoard
EngineEP17St_DisposableTaskhS1_hS1_hS1_h [CODE]
  169 00000004                 IMPORT           _ZN12board_config19Feature_Enab
le_initE [DATA]
  170 00000004                 IMPORT           _ZN12board_config7DacInfoE [DAT
A]
  171 00000004                 IMPORT           _ZN13LBT21XXX_Base12BoardFeatur
eE [DATA]
  172 00000004                 IMPORT           _ZN11FanAdj_task12FanCtrlValueE
 [DATA]
  173 00000004         
  174 00000004                 KEEP             u64Variable1
  175 00000004                 KEEP             u64Variable2
  176 00000004                 KEEP             SysFileTime
  177 00000004         
  178 00000004                 ATTR             FILESCOPE
  179 00000004                 ATTR             SETVALUE Tag_ABI_PCS_wchar_t,2
  180 00000004                 ATTR             SETVALUE Tag_ABI_enum_size,1
  181 00000004                 ATTR             SETVALUE Tag_ABI_optimization_g
oals,6
  182 00000004                 ATTR             SETSTRING Tag_conformance,"2.06
"
  183 00000004                 ATTR             SETVALUE AV,6,0
  184 00000004                 ATTR             SETVALUE AV,18,1
  185 00000004         
  186 00000004                 ASSERT           {ENDIAN} = "little"



ARM Macro Assembler    Page 18 


  187 00000004                 ASSERT           {INTER} = {TRUE}
  188 00000004                 ASSERT           {ROPI} = {FALSE}
  189 00000004                 ASSERT           {RWPI} = {FALSE}
  190 00000004                 ASSERT           {IEEE_FULL} = {FALSE}
  191 00000004                 ASSERT           {IEEE_PART} = {FALSE}
  192 00000004                 ASSERT           {IEEE_JAVA} = {FALSE}
  193 00000004                 END
Command Line: --debug --xref --cpu=Cortex-M4.fp --apcs=interwork -o..\obj\With_
Boot\MSTAT21044_Base.o -IC:\Keil\ARM\RV31\INC -IC:\Keil\ARM\CMSIS\Include -IC:\
Keil\ARM\Inc\NXP\LPC407x_8x_177x_8x --predefine="NO_CRP SETA 1" --list=.\MSTAT2
1044_Base.lst ..\obj\with_boot\mstat21044_base.s



ARM Macro Assembler    Page 1 Alphabetic symbol ordering
Relocatable symbols

L0.1024 00000400

Symbol: L0.1024
   Definitions
      At line 462 in file ..\obj\with_boot\mstat21044_base.s
   Uses
      At line 12 in file ..\obj\with_boot\mstat21044_base.s
      At line 30 in file ..\obj\with_boot\mstat21044_base.s
      At line 33 in file ..\obj\with_boot\mstat21044_base.s
      At line 36 in file ..\obj\with_boot\mstat21044_base.s
      At line 39 in file ..\obj\with_boot\mstat21044_base.s
      At line 42 in file ..\obj\with_boot\mstat21044_base.s
      At line 45 in file ..\obj\with_boot\mstat21044_base.s
      At line 48 in file ..\obj\with_boot\mstat21044_base.s
      At line 51 in file ..\obj\with_boot\mstat21044_base.s
      At line 54 in file ..\obj\with_boot\mstat21044_base.s
      At line 57 in file ..\obj\with_boot\mstat21044_base.s

L0.1028 00000404

Symbol: L0.1028
   Definitions
      At line 464 in file ..\obj\with_boot\mstat21044_base.s
   Uses
      At line 15 in file ..\obj\with_boot\mstat21044_base.s
      At line 60 in file ..\obj\with_boot\mstat21044_base.s
      At line 63 in file ..\obj\with_boot\mstat21044_base.s
      At line 66 in file ..\obj\with_boot\mstat21044_base.s
      At line 69 in file ..\obj\with_boot\mstat21044_base.s
      At line 72 in file ..\obj\with_boot\mstat21044_base.s
      At line 75 in file ..\obj\with_boot\mstat21044_base.s

L0.1032 00000408

Symbol: L0.1032
   Definitions
      At line 466 in file ..\obj\with_boot\mstat21044_base.s
   Uses
      At line 18 in file ..\obj\with_boot\mstat21044_base.s
      At line 78 in file ..\obj\with_boot\mstat21044_base.s
      At line 81 in file ..\obj\with_boot\mstat21044_base.s
      At line 84 in file ..\obj\with_boot\mstat21044_base.s
      At line 89 in file ..\obj\with_boot\mstat21044_base.s
      At line 94 in file ..\obj\with_boot\mstat21044_base.s
      At line 97 in file ..\obj\with_boot\mstat21044_base.s
      At line 101 in file ..\obj\with_boot\mstat21044_base.s
      At line 104 in file ..\obj\with_boot\mstat21044_base.s
      At line 109 in file ..\obj\with_boot\mstat21044_base.s
      At line 112 in file ..\obj\with_boot\mstat21044_base.s
      At line 116 in file ..\obj\with_boot\mstat21044_base.s
      At line 119 in file ..\obj\with_boot\mstat21044_base.s

L0.1036 0000040C

Symbol: L0.1036
   Definitions
      At line 468 in file ..\obj\with_boot\mstat21044_base.s
   Uses
      At line 21 in file ..\obj\with_boot\mstat21044_base.s



ARM Macro Assembler    Page 2 Alphabetic symbol ordering
Relocatable symbols

      At line 122 in file ..\obj\with_boot\mstat21044_base.s
      At line 125 in file ..\obj\with_boot\mstat21044_base.s

L0.1040 00000410

Symbol: L0.1040
   Definitions
      At line 470 in file ..\obj\with_boot\mstat21044_base.s
   Uses
      At line 24 in file ..\obj\with_boot\mstat21044_base.s
      At line 370 in file ..\obj\with_boot\mstat21044_base.s
      At line 373 in file ..\obj\with_boot\mstat21044_base.s
      At line 420 in file ..\obj\with_boot\mstat21044_base.s

L0.1044 00000414

Symbol: L0.1044
   Definitions
      At line 472 in file ..\obj\with_boot\mstat21044_base.s
   Uses
      At line 27 in file ..\obj\with_boot\mstat21044_base.s
      At line 376 in file ..\obj\with_boot\mstat21044_base.s
      At line 379 in file ..\obj\with_boot\mstat21044_base.s
      At line 425 in file ..\obj\with_boot\mstat21044_base.s

L0.1048 00000418

Symbol: L0.1048
   Definitions
      At line 474 in file ..\obj\with_boot\mstat21044_base.s
   Uses
      At line 131 in file ..\obj\with_boot\mstat21044_base.s
      At line 138 in file ..\obj\with_boot\mstat21044_base.s
      At line 141 in file ..\obj\with_boot\mstat21044_base.s
      At line 144 in file ..\obj\with_boot\mstat21044_base.s
      At line 147 in file ..\obj\with_boot\mstat21044_base.s
      At line 150 in file ..\obj\with_boot\mstat21044_base.s
      At line 153 in file ..\obj\with_boot\mstat21044_base.s
      At line 156 in file ..\obj\with_boot\mstat21044_base.s
      At line 385 in file ..\obj\with_boot\mstat21044_base.s

L0.1052 0000041C

Symbol: L0.1052
   Definitions
      At line 476 in file ..\obj\with_boot\mstat21044_base.s
   Uses
      At line 159 in file ..\obj\with_boot\mstat21044_base.s
      At line 166 in file ..\obj\with_boot\mstat21044_base.s
      At line 169 in file ..\obj\with_boot\mstat21044_base.s
      At line 172 in file ..\obj\with_boot\mstat21044_base.s
      At line 175 in file ..\obj\with_boot\mstat21044_base.s
      At line 178 in file ..\obj\with_boot\mstat21044_base.s
      At line 181 in file ..\obj\with_boot\mstat21044_base.s
      At line 184 in file ..\obj\with_boot\mstat21044_base.s
      At line 390 in file ..\obj\with_boot\mstat21044_base.s

L0.1056 00000420




ARM Macro Assembler    Page 3 Alphabetic symbol ordering
Relocatable symbols

Symbol: L0.1056
   Definitions
      At line 478 in file ..\obj\with_boot\mstat21044_base.s
   Uses
      At line 187 in file ..\obj\with_boot\mstat21044_base.s
      At line 190 in file ..\obj\with_boot\mstat21044_base.s
      At line 193 in file ..\obj\with_boot\mstat21044_base.s
      At line 198 in file ..\obj\with_boot\mstat21044_base.s
      At line 203 in file ..\obj\with_boot\mstat21044_base.s
      At line 206 in file ..\obj\with_boot\mstat21044_base.s
      At line 210 in file ..\obj\with_boot\mstat21044_base.s
      At line 213 in file ..\obj\with_boot\mstat21044_base.s
      At line 217 in file ..\obj\with_boot\mstat21044_base.s
      At line 220 in file ..\obj\with_boot\mstat21044_base.s
      At line 223 in file ..\obj\with_boot\mstat21044_base.s
      At line 226 in file ..\obj\with_boot\mstat21044_base.s
      At line 229 in file ..\obj\with_boot\mstat21044_base.s
      At line 232 in file ..\obj\with_boot\mstat21044_base.s
      At line 395 in file ..\obj\with_boot\mstat21044_base.s

L0.1060 00000424

Symbol: L0.1060
   Definitions
      At line 480 in file ..\obj\with_boot\mstat21044_base.s
   Uses
      At line 235 in file ..\obj\with_boot\mstat21044_base.s
      At line 238 in file ..\obj\with_boot\mstat21044_base.s
      At line 241 in file ..\obj\with_boot\mstat21044_base.s
      At line 246 in file ..\obj\with_boot\mstat21044_base.s
      At line 251 in file ..\obj\with_boot\mstat21044_base.s
      At line 254 in file ..\obj\with_boot\mstat21044_base.s
      At line 258 in file ..\obj\with_boot\mstat21044_base.s
      At line 261 in file ..\obj\with_boot\mstat21044_base.s
      At line 265 in file ..\obj\with_boot\mstat21044_base.s
      At line 268 in file ..\obj\with_boot\mstat21044_base.s
      At line 271 in file ..\obj\with_boot\mstat21044_base.s
      At line 274 in file ..\obj\with_boot\mstat21044_base.s
      At line 400 in file ..\obj\with_boot\mstat21044_base.s

L0.1064 00000428

Symbol: L0.1064
   Definitions
      At line 482 in file ..\obj\with_boot\mstat21044_base.s
   Uses
      At line 279 in file ..\obj\with_boot\mstat21044_base.s
      At line 282 in file ..\obj\with_boot\mstat21044_base.s
      At line 285 in file ..\obj\with_boot\mstat21044_base.s
      At line 288 in file ..\obj\with_boot\mstat21044_base.s
      At line 293 in file ..\obj\with_boot\mstat21044_base.s
      At line 296 in file ..\obj\with_boot\mstat21044_base.s
      At line 299 in file ..\obj\with_boot\mstat21044_base.s
      At line 302 in file ..\obj\with_boot\mstat21044_base.s
      At line 305 in file ..\obj\with_boot\mstat21044_base.s
      At line 308 in file ..\obj\with_boot\mstat21044_base.s
      At line 313 in file ..\obj\with_boot\mstat21044_base.s
      At line 316 in file ..\obj\with_boot\mstat21044_base.s
      At line 320 in file ..\obj\with_boot\mstat21044_base.s



ARM Macro Assembler    Page 4 Alphabetic symbol ordering
Relocatable symbols

      At line 323 in file ..\obj\with_boot\mstat21044_base.s
      At line 327 in file ..\obj\with_boot\mstat21044_base.s
      At line 330 in file ..\obj\with_boot\mstat21044_base.s
      At line 405 in file ..\obj\with_boot\mstat21044_base.s

L0.1068 0000042C

Symbol: L0.1068
   Definitions
      At line 484 in file ..\obj\with_boot\mstat21044_base.s
   Uses
      At line 334 in file ..\obj\with_boot\mstat21044_base.s
      At line 337 in file ..\obj\with_boot\mstat21044_base.s
      At line 340 in file ..\obj\with_boot\mstat21044_base.s
      At line 343 in file ..\obj\with_boot\mstat21044_base.s
      At line 346 in file ..\obj\with_boot\mstat21044_base.s
      At line 349 in file ..\obj\with_boot\mstat21044_base.s
      At line 410 in file ..\obj\with_boot\mstat21044_base.s

L0.1072 00000430

Symbol: L0.1072
   Definitions
      At line 486 in file ..\obj\with_boot\mstat21044_base.s
   Uses
      At line 352 in file ..\obj\with_boot\mstat21044_base.s
      At line 355 in file ..\obj\with_boot\mstat21044_base.s
      At line 358 in file ..\obj\with_boot\mstat21044_base.s
      At line 361 in file ..\obj\with_boot\mstat21044_base.s
      At line 364 in file ..\obj\with_boot\mstat21044_base.s
      At line 367 in file ..\obj\with_boot\mstat21044_base.s
      At line 415 in file ..\obj\with_boot\mstat21044_base.s

L0.1076 00000434

Symbol: L0.1076
   Definitions
      At line 488 in file ..\obj\with_boot\mstat21044_base.s
   Uses
      At line 386 in file ..\obj\with_boot\mstat21044_base.s
Comment: L0.1076 used once
L0.1080 00000438

Symbol: L0.1080
   Definitions
      At line 490 in file ..\obj\with_boot\mstat21044_base.s
   Uses
      At line 391 in file ..\obj\with_boot\mstat21044_base.s
Comment: L0.1080 used once
L0.1084 0000043C

Symbol: L0.1084
   Definitions
      At line 492 in file ..\obj\with_boot\mstat21044_base.s
   Uses
      At line 396 in file ..\obj\with_boot\mstat21044_base.s
Comment: L0.1084 used once
L0.1088 00000440




ARM Macro Assembler    Page 5 Alphabetic symbol ordering
Relocatable symbols

Symbol: L0.1088
   Definitions
      At line 494 in file ..\obj\with_boot\mstat21044_base.s
   Uses
      At line 401 in file ..\obj\with_boot\mstat21044_base.s
Comment: L0.1088 used once
L0.1092 00000444

Symbol: L0.1092
   Definitions
      At line 496 in file ..\obj\with_boot\mstat21044_base.s
   Uses
      At line 406 in file ..\obj\with_boot\mstat21044_base.s
Comment: L0.1092 used once
L0.1096 00000448

Symbol: L0.1096
   Definitions
      At line 498 in file ..\obj\with_boot\mstat21044_base.s
   Uses
      At line 411 in file ..\obj\with_boot\mstat21044_base.s
Comment: L0.1096 used once
L0.1100 0000044C

Symbol: L0.1100
   Definitions
      At line 500 in file ..\obj\with_boot\mstat21044_base.s
   Uses
      At line 416 in file ..\obj\with_boot\mstat21044_base.s
Comment: L0.1100 used once
L0.1104 00000450

Symbol: L0.1104
   Definitions
      At line 502 in file ..\obj\with_boot\mstat21044_base.s
   Uses
      At line 421 in file ..\obj\with_boot\mstat21044_base.s
Comment: L0.1104 used once
L0.1108 00000454

Symbol: L0.1108
   Definitions
      At line 504 in file ..\obj\with_boot\mstat21044_base.s
   Uses
      At line 426 in file ..\obj\with_boot\mstat21044_base.s
Comment: L0.1108 used once
L0.1112 00000458

Symbol: L0.1112
   Definitions
      At line 506 in file ..\obj\with_boot\mstat21044_base.s
   Uses
      At line 437 in file ..\obj\with_boot\mstat21044_base.s
Comment: L0.1112 used once
L0.1116 0000045C

Symbol: L0.1116
   Definitions
      At line 508 in file ..\obj\with_boot\mstat21044_base.s



ARM Macro Assembler    Page 6 Alphabetic symbol ordering
Relocatable symbols

   Uses
      At line 440 in file ..\obj\with_boot\mstat21044_base.s
      At line 444 in file ..\obj\with_boot\mstat21044_base.s

L0.1120 00000460

Symbol: L0.1120
   Definitions
      At line 510 in file ..\obj\with_boot\mstat21044_base.s
   Uses
      At line 454 in file ..\obj\with_boot\mstat21044_base.s
Comment: L0.1120 used once
L0.1124 00000464

Symbol: L0.1124
   Definitions
      At line 512 in file ..\obj\with_boot\mstat21044_base.s
   Uses
      At line 455 in file ..\obj\with_boot\mstat21044_base.s
Comment: L0.1124 used once
L0.1128 00000468

Symbol: L0.1128
   Definitions
      At line 514 in file ..\obj\with_boot\mstat21044_base.s
   Uses
      At line 457 in file ..\obj\with_boot\mstat21044_base.s
Comment: L0.1128 used once
L0.1132 0000046C

Symbol: L0.1132
   Definitions
      At line 516 in file ..\obj\with_boot\mstat21044_base.s
   Uses
      At line 459 in file ..\obj\with_boot\mstat21044_base.s
Comment: L0.1132 used once
L0.1136 00000470

Symbol: L0.1136
   Definitions
      At line 518 in file ..\obj\with_boot\mstat21044_base.s
   Uses
      At line 460 in file ..\obj\with_boot\mstat21044_base.s
Comment: L0.1136 used once
L0.1404 0000057C

Symbol: L0.1404
   Definitions
      At line 628 in file ..\obj\with_boot\mstat21044_base.s
   Uses
      At line 520 in file ..\obj\with_boot\mstat21044_base.s
Comment: L0.1404 used once
L0.1408 00000580

Symbol: L0.1408
   Definitions
      At line 630 in file ..\obj\with_boot\mstat21044_base.s
   Uses
      At line 525 in file ..\obj\with_boot\mstat21044_base.s



ARM Macro Assembler    Page 7 Alphabetic symbol ordering
Relocatable symbols

Comment: L0.1408 used once
L0.1412 00000584

Symbol: L0.1412
   Definitions
      At line 632 in file ..\obj\with_boot\mstat21044_base.s
   Uses
      At line 582 in file ..\obj\with_boot\mstat21044_base.s
Comment: L0.1412 used once
L0.1420 0000058C

Symbol: L0.1420
   Definitions
      At line 634 in file ..\obj\with_boot\mstat21044_base.s
   Uses
      At line 585 in file ..\obj\with_boot\mstat21044_base.s
      At line 593 in file ..\obj\with_boot\mstat21044_base.s
      At line 605 in file ..\obj\with_boot\mstat21044_base.s

L0.1424 00000590

Symbol: L0.1424
   Definitions
      At line 636 in file ..\obj\with_boot\mstat21044_base.s
   Uses
      At line 590 in file ..\obj\with_boot\mstat21044_base.s
Comment: L0.1424 used once
L0.1432 00000598

Symbol: L0.1432
   Definitions
      At line 638 in file ..\obj\with_boot\mstat21044_base.s
   Uses
      At line 602 in file ..\obj\with_boot\mstat21044_base.s
Comment: L0.1432 used once
L0.1440 000005A0

Symbol: L0.1440
   Definitions
      At line 640 in file ..\obj\with_boot\mstat21044_base.s
   Uses
      At line 611 in file ..\obj\with_boot\mstat21044_base.s
Comment: L0.1440 used once
L0.1444 000005A4

Symbol: L0.1444
   Definitions
      At line 642 in file ..\obj\with_boot\mstat21044_base.s
   Uses
      At line 613 in file ..\obj\with_boot\mstat21044_base.s
Comment: L0.1444 used once
L0.1448 000005A8

Symbol: L0.1448
   Definitions
      At line 644 in file ..\obj\with_boot\mstat21044_base.s
   Uses
      At line 617 in file ..\obj\with_boot\mstat21044_base.s
Comment: L0.1448 used once



ARM Macro Assembler    Page 8 Alphabetic symbol ordering
Relocatable symbols

L0.1452 000005AC

Symbol: L0.1452
   Definitions
      At line 646 in file ..\obj\with_boot\mstat21044_base.s
   Uses
      At line 619 in file ..\obj\with_boot\mstat21044_base.s
Comment: L0.1452 used once
_ZN15MSTAT21044_Base11EngineStuffEv 00000000

Symbol: _ZN15MSTAT21044_Base11EngineStuffEv
   Definitions
      At line 9 in file ..\obj\with_boot\mstat21044_base.s
   Uses
      At line 622 in file ..\obj\with_boot\mstat21044_base.s
      At line 138 in file ..\\HWD\\MSTAT21044\\..\..\Entry\..\..\COMMON_OS\Ext_
Devices\..\LPC4078CORE\..\LPC4078CORE\..\LPC4078CORE\core_cmInstr.h

_ZN15MSTAT21044_Base16AdditionalEngineEv 00000358

Symbol: _ZN15MSTAT21044_Base16AdditionalEngineEv
   Definitions
      At line 384 in file ..\obj\with_boot\mstat21044_base.s
   Uses
      At line 621 in file ..\obj\with_boot\mstat21044_base.s
      At line 139 in file ..\\HWD\\MSTAT21044\\..\..\Entry\..\..\COMMON_OS\Ext_
Devices\..\LPC4078CORE\..\LPC4078CORE\..\LPC4078CORE\core_cmInstr.h

_ZN15MSTAT21044_Base18FeatureEnable_InitEv 000003B4

Symbol: _ZN15MSTAT21044_Base18FeatureEnable_InitEv
   Definitions
      At line 433 in file ..\obj\with_boot\mstat21044_base.s
   Uses
      At line 140 in file ..\\HWD\\MSTAT21044\\..\..\Entry\..\..\COMMON_OS\Ext_
Devices\..\LPC4078CORE\..\LPC4078CORE\..\LPC4078CORE\core_cmInstr.h
Comment: _ZN15MSTAT21044_Base18FeatureEnable_InitEv used once
|.text| 00000000

Symbol: |.text|
   Definitions
      At line 7 in file ..\obj\with_boot\mstat21044_base.s
   Uses
      At line 652 in file ..\obj\with_boot\mstat21044_base.s
Comment: |.text| used once
43 symbols



ARM Macro Assembler    Page 1 Alphabetic symbol ordering
Relocatable symbols

|.ARM.exidx| 00000000

Symbol: |.ARM.exidx|
   Definitions
      At line 649 in file ..\obj\with_boot\mstat21044_base.s
   Uses
      None
Comment: |.ARM.exidx| unused
1 symbol



ARM Macro Assembler    Page 1 Alphabetic symbol ordering
Relocatable symbols

|.arm_vfe_header| 00000000

Symbol: |.arm_vfe_header|
   Definitions
      At line 655 in file ..\obj\with_boot\mstat21044_base.s
   Uses
      None
Comment: |.arm_vfe_header| unused
1 symbol



ARM Macro Assembler    Page 1 Alphabetic symbol ordering
Relocatable symbols

SysFileTime 00000010

Symbol: SysFileTime
   Definitions
      At line 665 in file ..\obj\with_boot\mstat21044_base.s
   Uses
      At line 176 in file ..\\HWD\\MSTAT21044\\..\..\Entry\..\..\COMMON_OS\Ext_
Devices\..\LPC4078CORE\..\LPC4078CORE\..\LPC4078CORE\core_cmInstr.h
Comment: SysFileTime used once
u64Variable1 00000000

Symbol: u64Variable1
   Definitions
      At line 661 in file ..\obj\with_boot\mstat21044_base.s
   Uses
      At line 174 in file ..\\HWD\\MSTAT21044\\..\..\Entry\..\..\COMMON_OS\Ext_
Devices\..\LPC4078CORE\..\LPC4078CORE\..\LPC4078CORE\core_cmInstr.h
Comment: u64Variable1 used once
u64Variable2 00000008

Symbol: u64Variable2
   Definitions
      At line 663 in file ..\obj\with_boot\mstat21044_base.s
   Uses
      At line 175 in file ..\\HWD\\MSTAT21044\\..\..\Entry\..\..\COMMON_OS\Ext_
Devices\..\LPC4078CORE\..\LPC4078CORE\..\LPC4078CORE\core_cmInstr.h
Comment: u64Variable2 used once
|.data| 00000000

Symbol: |.data|
   Definitions
      At line 659 in file ..\obj\with_boot\mstat21044_base.s
   Uses
      None
Comment: |.data| unused
4 symbols



ARM Macro Assembler    Page 1 Alphabetic symbol ordering
Relocatable symbols

SRAM32 00000000

Symbol: SRAM32
   Definitions
      At line 668 in file ..\obj\with_boot\mstat21044_base.s
   Uses
      None
Comment: SRAM32 unused
_ZN15MSTAT21044_Base11SetCurToVltE 0000026C

Symbol: _ZN15MSTAT21044_Base11SetCurToVltE
   Definitions
      At line 684 in file ..\obj\with_boot\mstat21044_base.s
   Uses
      At line 479 in file ..\obj\with_boot\mstat21044_base.s
      At line 148 in file ..\\HWD\\MSTAT21044\\..\..\Entry\..\..\COMMON_OS\Ext_
Devices\..\LPC4078CORE\..\LPC4078CORE\..\LPC4078CORE\core_cmInstr.h

_ZN15MSTAT21044_Base11SetOffToVltE 00000208

Symbol: _ZN15MSTAT21044_Base11SetOffToVltE
   Definitions
      At line 682 in file ..\obj\with_boot\mstat21044_base.s
   Uses
      At line 477 in file ..\obj\with_boot\mstat21044_base.s
      At line 147 in file ..\\HWD\\MSTAT21044\\..\..\Entry\..\..\COMMON_OS\Ext_
Devices\..\LPC4078CORE\..\LPC4078CORE\..\LPC4078CORE\core_cmInstr.h

_ZN15MSTAT21044_Base11SetRstToCurE 00000140

Symbol: _ZN15MSTAT21044_Base11SetRstToCurE
   Definitions
      At line 678 in file ..\obj\with_boot\mstat21044_base.s
   Uses
      At line 145 in file ..\\HWD\\MSTAT21044\\..\..\Entry\..\..\COMMON_OS\Ext_
Devices\..\LPC4078CORE\..\LPC4078CORE\..\LPC4078CORE\core_cmInstr.h
Comment: _ZN15MSTAT21044_Base11SetRstToCurE used once
_ZN15MSTAT21044_Base11SetRstToOffE 00000118

Symbol: _ZN15MSTAT21044_Base11SetRstToOffE
   Definitions
      At line 676 in file ..\obj\with_boot\mstat21044_base.s
   Uses
      At line 469 in file ..\obj\with_boot\mstat21044_base.s
      At line 641 in file ..\obj\with_boot\mstat21044_base.s
      At line 144 in file ..\\HWD\\MSTAT21044\\..\..\Entry\..\..\COMMON_OS\Ext_
Devices\..\LPC4078CORE\..\LPC4078CORE\..\LPC4078CORE\core_cmInstr.h

_ZN15MSTAT21044_Base11SetRstToVltE 000001A4

Symbol: _ZN15MSTAT21044_Base11SetRstToVltE
   Definitions
      At line 680 in file ..\obj\with_boot\mstat21044_base.s
   Uses
      At line 475 in file ..\obj\with_boot\mstat21044_base.s
      At line 146 in file ..\\HWD\\MSTAT21044\\..\..\Entry\..\..\COMMON_OS\Ext_
Devices\..\LPC4078CORE\..\LPC4078CORE\..\LPC4078CORE\core_cmInstr.h

_ZN15MSTAT21044_Base11SetVltToCurE 000003E8



ARM Macro Assembler    Page 2 Alphabetic symbol ordering
Relocatable symbols


Symbol: _ZN15MSTAT21044_Base11SetVltToCurE
   Definitions
      At line 692 in file ..\obj\with_boot\mstat21044_base.s
   Uses
      At line 483 in file ..\obj\with_boot\mstat21044_base.s
      At line 152 in file ..\\HWD\\MSTAT21044\\..\..\Entry\..\..\COMMON_OS\Ext_
Devices\..\LPC4078CORE\..\LPC4078CORE\..\LPC4078CORE\core_cmInstr.h

_ZN15MSTAT21044_Base11SetVltToOffE 000002F8

Symbol: _ZN15MSTAT21044_Base11SetVltToOffE
   Definitions
      At line 686 in file ..\obj\with_boot\mstat21044_base.s
   Uses
      At line 485 in file ..\obj\with_boot\mstat21044_base.s
      At line 149 in file ..\\HWD\\MSTAT21044\\..\..\Entry\..\..\COMMON_OS\Ext_
Devices\..\LPC4078CORE\..\LPC4078CORE\..\LPC4078CORE\core_cmInstr.h

_ZN15MSTAT21044_Base11SetVltToRstE 00000334

Symbol: _ZN15MSTAT21044_Base11SetVltToRstE
   Definitions
      At line 688 in file ..\obj\with_boot\mstat21044_base.s
   Uses
      At line 487 in file ..\obj\with_boot\mstat21044_base.s
      At line 150 in file ..\\HWD\\MSTAT21044\\..\..\Entry\..\..\COMMON_OS\Ext_
Devices\..\LPC4078CORE\..\LPC4078CORE\..\LPC4078CORE\core_cmInstr.h

_ZN15MSTAT21044_Base11SetVltToVltE 00000370

Symbol: _ZN15MSTAT21044_Base11SetVltToVltE
   Definitions
      At line 690 in file ..\obj\with_boot\mstat21044_base.s
   Uses
      At line 481 in file ..\obj\with_boot\mstat21044_base.s
      At line 151 in file ..\\HWD\\MSTAT21044\\..\..\Entry\..\..\COMMON_OS\Ext_
Devices\..\LPC4078CORE\..\LPC4078CORE\..\LPC4078CORE\core_cmInstr.h

_ZN15MSTAT21044_Base13SetCtrlOpenChE 00000000

Symbol: _ZN15MSTAT21044_Base13SetCtrlOpenChE
   Definitions
      At line 670 in file ..\obj\with_boot\mstat21044_base.s
   Uses
      At line 463 in file ..\obj\with_boot\mstat21044_base.s
      At line 647 in file ..\obj\with_boot\mstat21044_base.s
      At line 141 in file ..\\HWD\\MSTAT21044\\..\..\Entry\..\..\COMMON_OS\Ext_
Devices\..\LPC4078CORE\..\LPC4078CORE\..\LPC4078CORE\core_cmInstr.h

_ZN15MSTAT21044_Base14SetCtrlCloseChE 00000064

Symbol: _ZN15MSTAT21044_Base14SetCtrlCloseChE
   Definitions
      At line 672 in file ..\obj\with_boot\mstat21044_base.s
   Uses
      At line 465 in file ..\obj\with_boot\mstat21044_base.s
      At line 645 in file ..\obj\with_boot\mstat21044_base.s
      At line 142 in file ..\\HWD\\MSTAT21044\\..\..\Entry\..\..\COMMON_OS\Ext_



ARM Macro Assembler    Page 3 Alphabetic symbol ordering
Relocatable symbols

Devices\..\LPC4078CORE\..\LPC4078CORE\..\LPC4078CORE\core_cmInstr.h

_ZN15MSTAT21044_Base15SetCtrlOpenAcimE 00000488

Symbol: _ZN15MSTAT21044_Base15SetCtrlOpenAcimE
   Definitions
      At line 694 in file ..\obj\with_boot\mstat21044_base.s
   Uses
      At line 471 in file ..\obj\with_boot\mstat21044_base.s
      At line 153 in file ..\\HWD\\MSTAT21044\\..\..\Entry\..\..\COMMON_OS\Ext_
Devices\..\LPC4078CORE\..\LPC4078CORE\..\LPC4078CORE\core_cmInstr.h

_ZN15MSTAT21044_Base16SetCtrlCloseAcimE 0000049C

Symbol: _ZN15MSTAT21044_Base16SetCtrlCloseAcimE
   Definitions
      At line 696 in file ..\obj\with_boot\mstat21044_base.s
   Uses
      At line 473 in file ..\obj\with_boot\mstat21044_base.s
      At line 154 in file ..\\HWD\\MSTAT21044\\..\..\Entry\..\..\COMMON_OS\Ext_
Devices\..\LPC4078CORE\..\LPC4078CORE\..\LPC4078CORE\core_cmInstr.h

_ZN15MSTAT21044_Base9SetCCToCCE 000000A0

Symbol: _ZN15MSTAT21044_Base9SetCCToCCE
   Definitions
      At line 674 in file ..\obj\with_boot\mstat21044_base.s
   Uses
      At line 467 in file ..\obj\with_boot\mstat21044_base.s
      At line 643 in file ..\obj\with_boot\mstat21044_base.s
      At line 143 in file ..\\HWD\\MSTAT21044\\..\..\Entry\..\..\COMMON_OS\Ext_
Devices\..\LPC4078CORE\..\LPC4078CORE\..\LPC4078CORE\core_cmInstr.h

15 symbols



ARM Macro Assembler    Page 1 Alphabetic symbol ordering
Relocatable symbols

__asm___19_MSTAT21044_Base_cpp_c6e6c411___Z7__REV16j 00000000

Symbol: __asm___19_MSTAT21044_Base_cpp_c6e6c411___Z7__REV16j
   Definitions
      At line 115 in file ..\\HWD\\MSTAT21044\\..\..\Entry\..\..\COMMON_OS\Ext_
Devices\..\LPC4078CORE\..\LPC4078CORE\..\LPC4078CORE\core_cmInstr.h
   Uses
      At line 3 in file ..\\HWD\\MSTAT21044\\MSTAT21044_Base.cpp
Comment: __asm___19_MSTAT21044_Base_cpp_c6e6c411___Z7__REV16j used once
|.rev16_text| 00000000

Symbol: |.rev16_text|
   Definitions
      At line 1 in file ..\\HWD\\MSTAT21044\\MSTAT21044_Base.cpp
   Uses
      None
Comment: |.rev16_text| unused
2 symbols



ARM Macro Assembler    Page 1 Alphabetic symbol ordering
Relocatable symbols

__asm___19_MSTAT21044_Base_cpp_c6e6c411___Z7__REVSHi 00000000

Symbol: __asm___19_MSTAT21044_Base_cpp_c6e6c411___Z7__REVSHi
   Definitions
      At line 130 in file ..\\HWD\\MSTAT21044\\..\..\Entry\..\..\COMMON_OS\Ext_
Devices\..\LPC4078CORE\..\LPC4078CORE\..\LPC4078CORE\core_cmInstr.h
   Uses
      At line 122 in file ..\\HWD\\MSTAT21044\\..\..\Entry\..\..\COMMON_OS\Ext_
Devices\..\LPC4078CORE\..\LPC4078CORE\..\LPC4078CORE\core_cmInstr.h
Comment: __asm___19_MSTAT21044_Base_cpp_c6e6c411___Z7__REVSHi used once
|.revsh_text| 00000000

Symbol: |.revsh_text|
   Definitions
      At line 120 in file ..\\HWD\\MSTAT21044\\..\..\Entry\..\..\COMMON_OS\Ext_
Devices\..\LPC4078CORE\..\LPC4078CORE\..\LPC4078CORE\core_cmInstr.h
   Uses
      None
Comment: |.revsh_text| unused
2 symbols



ARM Macro Assembler    Page 1 Alphabetic symbol ordering
External symbols

_ZN11FanAdj_task12FanCtrlValueE 00000000

Symbol: _ZN11FanAdj_task12FanCtrlValueE
   Definitions
      At line 172 in file ..\\HWD\\MSTAT21044\\..\..\Entry\..\..\COMMON_OS\Ext_
Devices\..\LPC4078CORE\..\LPC4078CORE\..\LPC4078CORE\core_cmInstr.h
   Uses
      At line 635 in file ..\obj\with_boot\mstat21044_base.s
Comment: _ZN11FanAdj_task12FanCtrlValueE used once
_ZN12board_config19Feature_Enable_initE 00000000

Symbol: _ZN12board_config19Feature_Enable_initE
   Definitions
      At line 169 in file ..\\HWD\\MSTAT21044\\..\..\Entry\..\..\COMMON_OS\Ext_
Devices\..\LPC4078CORE\..\LPC4078CORE\..\LPC4078CORE\core_cmInstr.h
   Uses
      At line 507 in file ..\obj\with_boot\mstat21044_base.s
Comment: _ZN12board_config19Feature_Enable_initE used once
_ZN12board_config7DacInfoE 00000000

Symbol: _ZN12board_config7DacInfoE
   Definitions
      At line 170 in file ..\\HWD\\MSTAT21044\\..\..\Entry\..\..\COMMON_OS\Ext_
Devices\..\LPC4078CORE\..\LPC4078CORE\..\LPC4078CORE\core_cmInstr.h
   Uses
      At line 509 in file ..\obj\with_boot\mstat21044_base.s
Comment: _ZN12board_config7DacInfoE used once
_ZN13LBT21XXX_Base12BoardFeatureE 00000000

Symbol: _ZN13LBT21XXX_Base12BoardFeatureE
   Definitions
      At line 171 in file ..\\HWD\\MSTAT21044\\..\..\Entry\..\..\COMMON_OS\Ext_
Devices\..\LPC4078CORE\..\LPC4078CORE\..\LPC4078CORE\core_cmInstr.h
   Uses
      At line 513 in file ..\obj\with_boot\mstat21044_base.s
      At line 631 in file ..\obj\with_boot\mstat21044_base.s

_ZN15OS_LogicProcess13SetCtrlAcimOnE 00000000

Symbol: _ZN15OS_LogicProcess13SetCtrlAcimOnE
   Definitions
      At line 166 in file ..\\HWD\\MSTAT21044\\..\..\Entry\..\..\COMMON_OS\Ext_
Devices\..\LPC4078CORE\..\LPC4078CORE\..\LPC4078CORE\core_cmInstr.h
   Uses
      At line 503 in file ..\obj\with_boot\mstat21044_base.s
Comment: _ZN15OS_LogicProcess13SetCtrlAcimOnE used once
_ZN15OS_LogicProcess14SetCtrlAcimOffE 00000000

Symbol: _ZN15OS_LogicProcess14SetCtrlAcimOffE
   Definitions
      At line 167 in file ..\\HWD\\MSTAT21044\\..\..\Entry\..\..\COMMON_OS\Ext_
Devices\..\LPC4078CORE\..\LPC4078CORE\..\LPC4078CORE\core_cmInstr.h
   Uses
      At line 505 in file ..\obj\with_boot\mstat21044_base.s
Comment: _ZN15OS_LogicProcess14SetCtrlAcimOffE used once
_ZN15OS_LogicProcess15InitBoardEngineEP17St_DisposableTaskhS1_hS1_hS1_h 0000000
0

Symbol: _ZN15OS_LogicProcess15InitBoardEngineEP17St_DisposableTaskhS1_hS1_hS1_h



ARM Macro Assembler    Page 2 Alphabetic symbol ordering
External symbols

   Definitions
      At line 168 in file ..\\HWD\\MSTAT21044\\..\..\Entry\..\..\COMMON_OS\Ext_
Devices\..\LPC4078CORE\..\LPC4078CORE\..\LPC4078CORE\core_cmInstr.h
   Uses
      At line 620 in file ..\obj\with_boot\mstat21044_base.s
Comment: _ZN15OS_LogicProcess15InitBoardEngineEP17St_DisposableTaskhS1_hS1_hS1_
h used once
_ZN15OS_LogicProcess15SetCtrlCurToVltE 00000000

Symbol: _ZN15OS_LogicProcess15SetCtrlCurToVltE
   Definitions
      At line 161 in file ..\\HWD\\MSTAT21044\\..\..\Entry\..\..\COMMON_OS\Ext_
Devices\..\LPC4078CORE\..\LPC4078CORE\..\LPC4078CORE\core_cmInstr.h
   Uses
      At line 493 in file ..\obj\with_boot\mstat21044_base.s
Comment: _ZN15OS_LogicProcess15SetCtrlCurToVltE used once
_ZN15OS_LogicProcess15SetCtrlOffToVltE 00000000

Symbol: _ZN15OS_LogicProcess15SetCtrlOffToVltE
   Definitions
      At line 160 in file ..\\HWD\\MSTAT21044\\..\..\Entry\..\..\COMMON_OS\Ext_
Devices\..\LPC4078CORE\..\LPC4078CORE\..\LPC4078CORE\core_cmInstr.h
   Uses
      At line 491 in file ..\obj\with_boot\mstat21044_base.s
Comment: _ZN15OS_LogicProcess15SetCtrlOffToVltE used once
_ZN15OS_LogicProcess15SetCtrlRstToVltE 00000000

Symbol: _ZN15OS_LogicProcess15SetCtrlRstToVltE
   Definitions
      At line 159 in file ..\\HWD\\MSTAT21044\\..\..\Entry\..\..\COMMON_OS\Ext_
Devices\..\LPC4078CORE\..\LPC4078CORE\..\LPC4078CORE\core_cmInstr.h
   Uses
      At line 489 in file ..\obj\with_boot\mstat21044_base.s
Comment: _ZN15OS_LogicProcess15SetCtrlRstToVltE used once
_ZN15OS_LogicProcess15SetCtrlVltToCurE 00000000

Symbol: _ZN15OS_LogicProcess15SetCtrlVltToCurE
   Definitions
      At line 163 in file ..\\HWD\\MSTAT21044\\..\..\Entry\..\..\COMMON_OS\Ext_
Devices\..\LPC4078CORE\..\LPC4078CORE\..\LPC4078CORE\core_cmInstr.h
   Uses
      At line 497 in file ..\obj\with_boot\mstat21044_base.s
Comment: _ZN15OS_LogicProcess15SetCtrlVltToCurE used once
_ZN15OS_LogicProcess15SetCtrlVltToOffE 00000000

Symbol: _ZN15OS_LogicProcess15SetCtrlVltToOffE
   Definitions
      At line 164 in file ..\\HWD\\MSTAT21044\\..\..\Entry\..\..\COMMON_OS\Ext_
Devices\..\LPC4078CORE\..\LPC4078CORE\..\LPC4078CORE\core_cmInstr.h
   Uses
      At line 499 in file ..\obj\with_boot\mstat21044_base.s
Comment: _ZN15OS_LogicProcess15SetCtrlVltToOffE used once
_ZN15OS_LogicProcess15SetCtrlVltToRstE 00000000

Symbol: _ZN15OS_LogicProcess15SetCtrlVltToRstE
   Definitions
      At line 165 in file ..\\HWD\\MSTAT21044\\..\..\Entry\..\..\COMMON_OS\Ext_
Devices\..\LPC4078CORE\..\LPC4078CORE\..\LPC4078CORE\core_cmInstr.h
   Uses



ARM Macro Assembler    Page 3 Alphabetic symbol ordering
External symbols

      At line 501 in file ..\obj\with_boot\mstat21044_base.s
Comment: _ZN15OS_LogicProcess15SetCtrlVltToRstE used once
_ZN15OS_LogicProcess15SetCtrlVltToVltE 00000000

Symbol: _ZN15OS_LogicProcess15SetCtrlVltToVltE
   Definitions
      At line 162 in file ..\\HWD\\MSTAT21044\\..\..\Entry\..\..\COMMON_OS\Ext_
Devices\..\LPC4078CORE\..\LPC4078CORE\..\LPC4078CORE\core_cmInstr.h
   Uses
      At line 495 in file ..\obj\with_boot\mstat21044_base.s
Comment: _ZN15OS_LogicProcess15SetCtrlVltToVltE used once
__aeabi_memclr4 00000000

Symbol: __aeabi_memclr4
   Definitions
      At line 158 in file ..\\HWD\\MSTAT21044\\..\..\Entry\..\..\COMMON_OS\Ext_
Devices\..\LPC4078CORE\..\LPC4078CORE\..\LPC4078CORE\core_cmInstr.h
   Uses
      At line 13 in file ..\obj\with_boot\mstat21044_base.s
      At line 16 in file ..\obj\with_boot\mstat21044_base.s
      At line 19 in file ..\obj\with_boot\mstat21044_base.s
      At line 22 in file ..\obj\with_boot\mstat21044_base.s
      At line 25 in file ..\obj\with_boot\mstat21044_base.s
      At line 28 in file ..\obj\with_boot\mstat21044_base.s

|Lib$$Request$$armlib| 00000000

Symbol: |Lib$$Request$$armlib|
   Definitions
      At line 156 in file ..\\HWD\\MSTAT21044\\..\..\Entry\..\..\COMMON_OS\Ext_
Devices\..\LPC4078CORE\..\LPC4078CORE\..\LPC4078CORE\core_cmInstr.h
   Uses
      None
Comment: |Lib$$Request$$armlib| unused
|Lib$$Request$$cpplib| 00000000

Symbol: |Lib$$Request$$cpplib|
   Definitions
      At line 157 in file ..\\HWD\\MSTAT21044\\..\..\Entry\..\..\COMMON_OS\Ext_
Devices\..\LPC4078CORE\..\LPC4078CORE\..\LPC4078CORE\core_cmInstr.h
   Uses
      None
Comment: |Lib$$Request$$cpplib| unused
17 symbols
417 symbols in table
